2025-11-02 01:40:29,185 - INFO - ================================================================================
2025-11-02 01:40:29,185 - INFO - ImageNet Training on EC2 - Multi-GPU Setup
2025-11-02 01:40:29,185 - INFO - ================================================================================
2025-11-02 01:40:29,186 - INFO - Device: cuda:0
2025-11-02 01:40:29,186 - INFO - Distributed: False, Rank: 0, World Size: 1
2025-11-02 01:40:29,204 - INFO - CUDA Available: True, GPU Count: 1
2025-11-02 01:40:30,099 - INFO - ✅ ImageNet dataset found at //lambda/nfs/ERAv4S09/ERAv4S9/data/imagenet1k
   Train classes: 1000
   Validation classes: 1000
   Expected: 1000 classes each
2025-11-02 01:40:30,099 - INFO - Dataset: Imagenet1K
2025-11-02 01:40:30,099 - INFO - Batch size: 768
2025-11-02 01:40:30,099 - INFO - Epochs: 100
2025-11-02 01:40:30,099 - INFO - Learning rate: 0.16
2025-11-02 01:40:30,099 - INFO - 📂 Loading Imagenet1K dataset from: //lambda/nfs/ERAv4S09/ERAv4S9/data...
2025-11-02 01:41:10,463 - INFO - Training samples: 1159338
2025-11-02 01:41:10,463 - INFO - Validation samples: 50000
2025-11-02 01:41:10,463 - INFO - Batches per epoch: 1510
2025-11-02 01:41:10,464 - INFO - 🤖 Creating ResNet50 model...
2025-11-02 01:41:11,144 - INFO - 📦 Loading tiny_imagenet weights from: ./tiny_imagenet_stage_2/final_model.pth
2025-11-02 01:41:11,293 - INFO -    Current model (ImageNet): 1000 classes
2025-11-02 01:41:11,293 - INFO -    Pretrained model (Tiny ImageNet): 200 classes
2025-11-02 01:41:11,293 - INFO -    ⚠️  Final layer size mismatch! Filtering out fc layer
2025-11-02 01:41:11,302 - INFO -    ⚠️  Missing keys (expected for FC layer): 2
2025-11-02 01:41:11,302 - INFO - ✅ Successfully loaded tiny_imagenet weights
2025-11-02 01:41:12,218 - INFO - 🚀 Starting training...
2025-11-02 01:41:12,218 - INFO -    Start epoch: 0, Total epochs: 100
2025-11-02 01:55:13,350 - INFO - Train Epoch 1: Loss=4.9699, Top-1 Acc=15.90%, Top-5 Acc=35.68%
2025-11-02 01:55:47,506 - INFO - Validation: Loss=4.0076, Top-1 Acc=26.98%, Top-5 Acc=54.62%
2025-11-02 01:55:49,373 - INFO - 🏆 Saved best model checkpoint: checkpoints/checkpoint_best.pth
2025-11-02 01:55:49,373 - INFO - 💾 Saved checkpoint: checkpoints/checkpoint_latest.pth
2025-11-02 01:55:49,374 - INFO - Epoch 1/100 Summary:
2025-11-02 01:55:49,374 - INFO -   Train: Loss=4.9699, Top-1=15.90%, Top-5=35.68%
2025-11-02 01:55:49,374 - INFO -   Val:   Loss=4.0076, Top-1=26.98%, Top-5=54.62%
2025-11-02 01:55:49,374 - INFO -   Best:  Loss=4.0076, Top-1=26.98%
2025-11-02 01:55:49,374 - INFO - --------------------------------------------------------------------------------
2025-11-02 02:09:14,529 - INFO - Train Epoch 2: Loss=3.4741, Top-1 Acc=38.56%, Top-5 Acc=66.84%
2025-11-02 02:09:43,849 - INFO - Validation: Loss=3.4240, Top-1 Acc=39.18%, Top-5 Acc=67.40%
2025-11-02 02:09:45,706 - INFO - 🏆 Saved best model checkpoint: checkpoints/checkpoint_best.pth
2025-11-02 02:09:45,707 - INFO - 💾 Saved checkpoint: checkpoints/checkpoint_latest.pth
2025-11-02 02:09:45,707 - INFO - Epoch 2/100 Summary:
2025-11-02 02:09:45,707 - INFO -   Train: Loss=3.4741, Top-1=38.56%, Top-5=66.84%
2025-11-02 02:09:45,707 - INFO -   Val:   Loss=3.4240, Top-1=39.18%, Top-5=67.40%
2025-11-02 02:09:45,707 - INFO -   Best:  Loss=3.4240, Top-1=39.18%
2025-11-02 02:09:45,707 - INFO - --------------------------------------------------------------------------------
2025-11-02 02:23:19,791 - INFO - Train Epoch 3: Loss=3.0526, Top-1 Acc=47.59%, Top-5 Acc=74.90%
2025-11-02 02:23:48,830 - INFO - Validation: Loss=3.2154, Top-1 Acc=43.61%, Top-5 Acc=71.24%
2025-11-02 02:23:50,739 - INFO - 🏆 Saved best model checkpoint: checkpoints/checkpoint_best.pth
2025-11-02 02:23:50,739 - INFO - 💾 Saved checkpoint: checkpoints/checkpoint_latest.pth
2025-11-02 02:23:50,740 - INFO - Epoch 3/100 Summary:
2025-11-02 02:23:50,740 - INFO -   Train: Loss=3.0526, Top-1=47.59%, Top-5=74.90%
2025-11-02 02:23:50,740 - INFO -   Val:   Loss=3.2154, Top-1=43.61%, Top-5=71.24%
2025-11-02 02:23:50,740 - INFO -   Best:  Loss=3.2154, Top-1=43.61%
2025-11-02 02:23:50,740 - INFO - --------------------------------------------------------------------------------
2025-11-02 02:37:15,720 - INFO - Train Epoch 4: Loss=2.8420, Top-1 Acc=52.49%, Top-5 Acc=78.71%
2025-11-02 02:37:46,702 - INFO - Validation: Loss=2.9944, Top-1 Acc=48.86%, Top-5 Acc=75.84%
2025-11-02 02:37:48,429 - INFO - 🏆 Saved best model checkpoint: checkpoints/checkpoint_best.pth
2025-11-02 02:37:48,429 - INFO - 💾 Saved checkpoint: checkpoints/checkpoint_latest.pth
2025-11-02 02:37:48,430 - INFO - Epoch 4/100 Summary:
2025-11-02 02:37:48,430 - INFO -   Train: Loss=2.8420, Top-1=52.49%, Top-5=78.71%
2025-11-02 02:37:48,430 - INFO -   Val:   Loss=2.9944, Top-1=48.86%, Top-5=75.84%
2025-11-02 02:37:48,430 - INFO -   Best:  Loss=2.9944, Top-1=48.86%
2025-11-02 02:37:48,430 - INFO - --------------------------------------------------------------------------------
2025-11-02 02:51:13,232 - INFO - Train Epoch 5: Loss=2.7096, Top-1 Acc=55.59%, Top-5 Acc=81.00%
2025-11-02 02:51:42,182 - INFO - Validation: Loss=2.8950, Top-1 Acc=51.05%, Top-5 Acc=77.55%
2025-11-02 02:51:44,143 - INFO - 🏆 Saved best model checkpoint: checkpoints/checkpoint_best.pth
2025-11-02 02:51:44,143 - INFO - 💾 Saved checkpoint: checkpoints/checkpoint_latest.pth
2025-11-02 02:51:44,144 - INFO - Epoch 5/100 Summary:
2025-11-02 02:51:44,144 - INFO -   Train: Loss=2.7096, Top-1=55.59%, Top-5=81.00%
2025-11-02 02:51:44,144 - INFO -   Val:   Loss=2.8950, Top-1=51.05%, Top-5=77.55%
2025-11-02 02:51:44,144 - INFO -   Best:  Loss=2.8950, Top-1=51.05%
2025-11-02 02:51:44,144 - INFO - --------------------------------------------------------------------------------
2025-11-02 03:05:09,530 - INFO - Train Epoch 6: Loss=2.6184, Top-1 Acc=57.73%, Top-5 Acc=82.60%
2025-11-02 03:05:38,400 - INFO - Validation: Loss=2.9099, Top-1 Acc=50.76%, Top-5 Acc=77.21%
2025-11-02 03:05:39,281 - INFO - 💾 Saved checkpoint: checkpoints/checkpoint_latest.pth
2025-11-02 03:05:39,282 - INFO - Epoch 6/100 Summary:
2025-11-02 03:05:39,282 - INFO -   Train: Loss=2.6184, Top-1=57.73%, Top-5=82.60%
2025-11-02 03:05:39,282 - INFO -   Val:   Loss=2.9099, Top-1=50.76%, Top-5=77.21%
2025-11-02 03:05:39,282 - INFO -   Best:  Loss=2.8950, Top-1=51.05%
2025-11-02 03:05:39,282 - INFO - --------------------------------------------------------------------------------
2025-11-02 03:19:04,506 - INFO - Train Epoch 7: Loss=2.5462, Top-1 Acc=59.49%, Top-5 Acc=83.82%
2025-11-02 03:19:33,475 - INFO - Validation: Loss=2.9000, Top-1 Acc=50.83%, Top-5 Acc=77.51%
2025-11-02 03:19:34,356 - INFO - 💾 Saved checkpoint: checkpoints/checkpoint_latest.pth
2025-11-02 03:19:34,357 - INFO - Epoch 7/100 Summary:
2025-11-02 03:19:34,357 - INFO -   Train: Loss=2.5462, Top-1=59.49%, Top-5=83.82%
2025-11-02 03:19:34,357 - INFO -   Val:   Loss=2.9000, Top-1=50.83%, Top-5=77.51%
2025-11-02 03:19:34,357 - INFO -   Best:  Loss=2.8950, Top-1=51.05%
2025-11-02 03:19:34,357 - INFO - --------------------------------------------------------------------------------
2025-11-02 03:33:02,107 - INFO - Train Epoch 8: Loss=2.4919, Top-1 Acc=60.81%, Top-5 Acc=84.72%
2025-11-02 03:33:30,787 - INFO - Validation: Loss=2.7874, Top-1 Acc=53.48%, Top-5 Acc=79.63%
2025-11-02 03:33:32,505 - INFO - 🏆 Saved best model checkpoint: checkpoints/checkpoint_best.pth
2025-11-02 03:33:32,505 - INFO - 💾 Saved checkpoint: checkpoints/checkpoint_latest.pth
2025-11-02 03:33:32,506 - INFO - Epoch 8/100 Summary:
2025-11-02 03:33:32,506 - INFO -   Train: Loss=2.4919, Top-1=60.81%, Top-5=84.72%
2025-11-02 03:33:32,506 - INFO -   Val:   Loss=2.7874, Top-1=53.48%, Top-5=79.63%
2025-11-02 03:33:32,506 - INFO -   Best:  Loss=2.7874, Top-1=53.48%
2025-11-02 03:33:32,506 - INFO - --------------------------------------------------------------------------------
2025-11-02 03:47:00,161 - INFO - Train Epoch 9: Loss=2.4498, Top-1 Acc=61.85%, Top-5 Acc=85.38%
2025-11-02 03:47:29,422 - INFO - Validation: Loss=2.7819, Top-1 Acc=54.14%, Top-5 Acc=79.49%
2025-11-02 03:47:31,204 - INFO - 🏆 Saved best model checkpoint: checkpoints/checkpoint_best.pth
2025-11-02 03:47:31,205 - INFO - 💾 Saved checkpoint: checkpoints/checkpoint_latest.pth
2025-11-02 03:47:31,205 - INFO - Epoch 9/100 Summary:
2025-11-02 03:47:31,205 - INFO -   Train: Loss=2.4498, Top-1=61.85%, Top-5=85.38%
2025-11-02 03:47:31,205 - INFO -   Val:   Loss=2.7819, Top-1=54.14%, Top-5=79.49%
2025-11-02 03:47:31,205 - INFO -   Best:  Loss=2.7819, Top-1=54.14%
2025-11-02 03:47:31,206 - INFO - --------------------------------------------------------------------------------
2025-11-02 04:00:55,577 - INFO - Train Epoch 10: Loss=2.4147, Top-1 Acc=62.62%, Top-5 Acc=85.96%
2025-11-02 04:01:24,116 - INFO - Validation: Loss=2.8183, Top-1 Acc=52.85%, Top-5 Acc=78.86%
2025-11-02 04:01:25,697 - INFO - 💾 Saved periodic checkpoint: checkpoints/checkpoint_epoch_10.pth
2025-11-02 04:01:25,697 - INFO - 💾 Saved checkpoint: checkpoints/checkpoint_latest.pth
2025-11-02 04:01:25,697 - INFO - Epoch 10/100 Summary:
2025-11-02 04:01:25,698 - INFO -   Train: Loss=2.4147, Top-1=62.62%, Top-5=85.96%
2025-11-02 04:01:25,698 - INFO -   Val:   Loss=2.8183, Top-1=52.85%, Top-5=78.86%
2025-11-02 04:01:25,698 - INFO -   Best:  Loss=2.7819, Top-1=54.14%
2025-11-02 04:01:25,698 - INFO - --------------------------------------------------------------------------------
2025-11-02 04:14:50,023 - INFO - Train Epoch 11: Loss=2.3873, Top-1 Acc=63.35%, Top-5 Acc=86.40%
2025-11-02 04:15:18,654 - INFO - Validation: Loss=2.7696, Top-1 Acc=54.23%, Top-5 Acc=79.78%
2025-11-02 04:15:20,656 - INFO - 🏆 Saved best model checkpoint: checkpoints/checkpoint_best.pth
2025-11-02 04:15:20,656 - INFO - 💾 Saved checkpoint: checkpoints/checkpoint_latest.pth
2025-11-02 04:15:20,656 - INFO - Epoch 11/100 Summary:
2025-11-02 04:15:20,656 - INFO -   Train: Loss=2.3873, Top-1=63.35%, Top-5=86.40%
2025-11-02 04:15:20,657 - INFO -   Val:   Loss=2.7696, Top-1=54.23%, Top-5=79.78%
2025-11-02 04:15:20,657 - INFO -   Best:  Loss=2.7696, Top-1=54.23%
2025-11-02 04:15:20,657 - INFO - --------------------------------------------------------------------------------
2025-11-02 04:28:45,267 - INFO - Train Epoch 12: Loss=2.3654, Top-1 Acc=63.83%, Top-5 Acc=86.75%
2025-11-02 04:29:14,224 - INFO - Validation: Loss=2.7191, Top-1 Acc=55.32%, Top-5 Acc=80.55%
2025-11-02 04:29:15,966 - INFO - 🏆 Saved best model checkpoint: checkpoints/checkpoint_best.pth
2025-11-02 04:29:15,966 - INFO - 💾 Saved checkpoint: checkpoints/checkpoint_latest.pth
2025-11-02 04:29:15,966 - INFO - Epoch 12/100 Summary:
2025-11-02 04:29:15,966 - INFO -   Train: Loss=2.3654, Top-1=63.83%, Top-5=86.75%
2025-11-02 04:29:15,967 - INFO -   Val:   Loss=2.7191, Top-1=55.32%, Top-5=80.55%
2025-11-02 04:29:15,967 - INFO -   Best:  Loss=2.7191, Top-1=55.32%
2025-11-02 04:29:15,967 - INFO - --------------------------------------------------------------------------------
2025-11-02 04:42:40,571 - INFO - Train Epoch 13: Loss=2.3478, Top-1 Acc=64.29%, Top-5 Acc=87.01%
2025-11-02 04:43:09,452 - INFO - Validation: Loss=2.7265, Top-1 Acc=55.33%, Top-5 Acc=80.45%
2025-11-02 04:43:10,349 - INFO - 💾 Saved checkpoint: checkpoints/checkpoint_latest.pth
2025-11-02 04:43:10,350 - INFO - Epoch 13/100 Summary:
2025-11-02 04:43:10,350 - INFO -   Train: Loss=2.3478, Top-1=64.29%, Top-5=87.01%
2025-11-02 04:43:10,350 - INFO -   Val:   Loss=2.7265, Top-1=55.33%, Top-5=80.45%
2025-11-02 04:43:10,350 - INFO -   Best:  Loss=2.7191, Top-1=55.32%
2025-11-02 04:43:10,350 - INFO - --------------------------------------------------------------------------------
2025-11-02 04:56:34,479 - INFO - Train Epoch 14: Loss=2.3362, Top-1 Acc=64.59%, Top-5 Acc=87.23%
2025-11-02 04:57:05,041 - INFO - Validation: Loss=2.6819, Top-1 Acc=55.99%, Top-5 Acc=81.38%
2025-11-02 04:57:06,871 - INFO - 🏆 Saved best model checkpoint: checkpoints/checkpoint_best.pth
2025-11-02 04:57:06,871 - INFO - 💾 Saved checkpoint: checkpoints/checkpoint_latest.pth
2025-11-02 04:57:06,871 - INFO - Epoch 14/100 Summary:
2025-11-02 04:57:06,872 - INFO -   Train: Loss=2.3362, Top-1=64.59%, Top-5=87.23%
2025-11-02 04:57:06,872 - INFO -   Val:   Loss=2.6819, Top-1=55.99%, Top-5=81.38%
2025-11-02 04:57:06,872 - INFO -   Best:  Loss=2.6819, Top-1=55.99%
2025-11-02 04:57:06,872 - INFO - --------------------------------------------------------------------------------
2025-11-02 05:10:30,861 - INFO - Train Epoch 15: Loss=2.3242, Top-1 Acc=64.86%, Top-5 Acc=87.40%
2025-11-02 05:11:00,869 - INFO - Validation: Loss=2.8294, Top-1 Acc=52.86%, Top-5 Acc=78.50%
2025-11-02 05:11:01,775 - INFO - 💾 Saved checkpoint: checkpoints/checkpoint_latest.pth
2025-11-02 05:11:01,776 - INFO - Epoch 15/100 Summary:
2025-11-02 05:11:01,776 - INFO -   Train: Loss=2.3242, Top-1=64.86%, Top-5=87.40%
2025-11-02 05:11:01,776 - INFO -   Val:   Loss=2.8294, Top-1=52.86%, Top-5=78.50%
2025-11-02 05:11:01,776 - INFO -   Best:  Loss=2.6819, Top-1=55.99%
2025-11-02 05:11:01,776 - INFO - --------------------------------------------------------------------------------
2025-11-02 05:24:26,581 - INFO - Train Epoch 16: Loss=2.3135, Top-1 Acc=65.08%, Top-5 Acc=87.58%
2025-11-02 05:24:56,547 - INFO - Validation: Loss=2.8032, Top-1 Acc=53.77%, Top-5 Acc=79.12%
2025-11-02 05:24:57,423 - INFO - 💾 Saved checkpoint: checkpoints/checkpoint_latest.pth
2025-11-02 05:24:57,423 - INFO - Epoch 16/100 Summary:
2025-11-02 05:24:57,423 - INFO -   Train: Loss=2.3135, Top-1=65.08%, Top-5=87.58%
2025-11-02 05:24:57,423 - INFO -   Val:   Loss=2.8032, Top-1=53.77%, Top-5=79.12%
2025-11-02 05:24:57,423 - INFO -   Best:  Loss=2.6819, Top-1=55.99%
2025-11-02 05:24:57,424 - INFO - --------------------------------------------------------------------------------
2025-11-02 05:38:21,258 - INFO - Train Epoch 17: Loss=2.3067, Top-1 Acc=65.28%, Top-5 Acc=87.67%
2025-11-02 05:38:50,899 - INFO - Validation: Loss=2.7033, Top-1 Acc=55.81%, Top-5 Acc=80.88%
2025-11-02 05:38:51,786 - INFO - 💾 Saved checkpoint: checkpoints/checkpoint_latest.pth
2025-11-02 05:38:51,786 - INFO - Epoch 17/100 Summary:
2025-11-02 05:38:51,787 - INFO -   Train: Loss=2.3067, Top-1=65.28%, Top-5=87.67%
2025-11-02 05:38:51,787 - INFO -   Val:   Loss=2.7033, Top-1=55.81%, Top-5=80.88%
2025-11-02 05:38:51,787 - INFO -   Best:  Loss=2.6819, Top-1=55.99%
2025-11-02 05:38:51,787 - INFO - --------------------------------------------------------------------------------
2025-11-02 05:52:16,062 - INFO - Train Epoch 18: Loss=2.2996, Top-1 Acc=65.44%, Top-5 Acc=87.76%
2025-11-02 05:52:44,820 - INFO - Validation: Loss=2.7313, Top-1 Acc=54.95%, Top-5 Acc=80.30%
2025-11-02 05:52:46,034 - INFO - 💾 Saved checkpoint: checkpoints/checkpoint_latest.pth
2025-11-02 05:52:46,035 - INFO - Epoch 18/100 Summary:
2025-11-02 05:52:46,035 - INFO -   Train: Loss=2.2996, Top-1=65.44%, Top-5=87.76%
2025-11-02 05:52:46,035 - INFO -   Val:   Loss=2.7313, Top-1=54.95%, Top-5=80.30%
2025-11-02 05:52:46,035 - INFO -   Best:  Loss=2.6819, Top-1=55.99%
2025-11-02 05:52:46,036 - INFO - --------------------------------------------------------------------------------
2025-11-02 06:06:14,242 - INFO - Train Epoch 19: Loss=2.2939, Top-1 Acc=65.59%, Top-5 Acc=87.86%
2025-11-02 06:06:42,875 - INFO - Validation: Loss=2.6989, Top-1 Acc=56.04%, Top-5 Acc=81.19%
2025-11-02 06:06:43,780 - INFO - 💾 Saved checkpoint: checkpoints/checkpoint_latest.pth
2025-11-02 06:06:43,781 - INFO - Epoch 19/100 Summary:
2025-11-02 06:06:43,781 - INFO -   Train: Loss=2.2939, Top-1=65.59%, Top-5=87.86%
2025-11-02 06:06:43,781 - INFO -   Val:   Loss=2.6989, Top-1=56.04%, Top-5=81.19%
2025-11-02 06:06:43,781 - INFO -   Best:  Loss=2.6819, Top-1=55.99%
2025-11-02 06:06:43,781 - INFO - --------------------------------------------------------------------------------
2025-11-02 06:20:07,965 - INFO - Train Epoch 20: Loss=2.2882, Top-1 Acc=65.65%, Top-5 Acc=87.97%
2025-11-02 06:20:37,224 - INFO - Validation: Loss=2.7146, Top-1 Acc=55.76%, Top-5 Acc=80.80%
2025-11-02 06:20:38,780 - INFO - 💾 Saved periodic checkpoint: checkpoints/checkpoint_epoch_20.pth
2025-11-02 06:20:38,780 - INFO - 💾 Saved checkpoint: checkpoints/checkpoint_latest.pth
2025-11-02 06:20:38,781 - INFO - Epoch 20/100 Summary:
2025-11-02 06:20:38,781 - INFO -   Train: Loss=2.2882, Top-1=65.65%, Top-5=87.97%
2025-11-02 06:20:38,781 - INFO -   Val:   Loss=2.7146, Top-1=55.76%, Top-5=80.80%
2025-11-02 06:20:38,781 - INFO -   Best:  Loss=2.6819, Top-1=55.99%
2025-11-02 06:20:38,781 - INFO - --------------------------------------------------------------------------------
2025-11-02 06:34:03,283 - INFO - Train Epoch 21: Loss=2.2846, Top-1 Acc=65.82%, Top-5 Acc=88.01%
2025-11-02 06:34:31,872 - INFO - Validation: Loss=2.7598, Top-1 Acc=54.72%, Top-5 Acc=79.83%
2025-11-02 06:34:32,809 - INFO - 💾 Saved checkpoint: checkpoints/checkpoint_latest.pth
2025-11-02 06:34:32,809 - INFO - Epoch 21/100 Summary:
2025-11-02 06:34:32,809 - INFO -   Train: Loss=2.2846, Top-1=65.82%, Top-5=88.01%
2025-11-02 06:34:32,810 - INFO -   Val:   Loss=2.7598, Top-1=54.72%, Top-5=79.83%
2025-11-02 06:34:32,810 - INFO -   Best:  Loss=2.6819, Top-1=55.99%
2025-11-02 06:34:32,810 - INFO - --------------------------------------------------------------------------------
2025-11-02 06:48:00,670 - INFO - Train Epoch 22: Loss=2.2794, Top-1 Acc=65.92%, Top-5 Acc=88.08%
2025-11-02 06:48:28,442 - INFO - Validation: Loss=2.8441, Top-1 Acc=52.80%, Top-5 Acc=78.25%
2025-11-02 06:48:29,350 - INFO - 💾 Saved checkpoint: checkpoints/checkpoint_latest.pth
2025-11-02 06:48:29,351 - INFO - Epoch 22/100 Summary:
2025-11-02 06:48:29,351 - INFO -   Train: Loss=2.2794, Top-1=65.92%, Top-5=88.08%
2025-11-02 06:48:29,351 - INFO -   Val:   Loss=2.8441, Top-1=52.80%, Top-5=78.25%
2025-11-02 06:48:29,351 - INFO -   Best:  Loss=2.6819, Top-1=55.99%
2025-11-02 06:48:29,351 - INFO - --------------------------------------------------------------------------------
2025-11-02 07:01:56,467 - INFO - Train Epoch 23: Loss=2.2750, Top-1 Acc=66.02%, Top-5 Acc=88.13%
2025-11-02 07:02:25,300 - INFO - Validation: Loss=2.9991, Top-1 Acc=49.87%, Top-5 Acc=75.72%
2025-11-02 07:02:26,237 - INFO - 💾 Saved checkpoint: checkpoints/checkpoint_latest.pth
2025-11-02 07:02:26,237 - INFO - Epoch 23/100 Summary:
2025-11-02 07:02:26,237 - INFO -   Train: Loss=2.2750, Top-1=66.02%, Top-5=88.13%
2025-11-02 07:02:26,237 - INFO -   Val:   Loss=2.9991, Top-1=49.87%, Top-5=75.72%
2025-11-02 07:02:26,238 - INFO -   Best:  Loss=2.6819, Top-1=55.99%
2025-11-02 07:02:26,238 - INFO - --------------------------------------------------------------------------------
2025-11-02 07:15:50,426 - INFO - Train Epoch 24: Loss=2.2707, Top-1 Acc=66.17%, Top-5 Acc=88.17%
2025-11-02 07:16:18,757 - INFO - Validation: Loss=2.6981, Top-1 Acc=55.99%, Top-5 Acc=80.89%
2025-11-02 07:16:19,731 - INFO - 💾 Saved checkpoint: checkpoints/checkpoint_latest.pth
2025-11-02 07:16:19,732 - INFO - Epoch 24/100 Summary:
2025-11-02 07:16:19,732 - INFO -   Train: Loss=2.2707, Top-1=66.17%, Top-5=88.17%
2025-11-02 07:16:19,732 - INFO -   Val:   Loss=2.6981, Top-1=55.99%, Top-5=80.89%
2025-11-02 07:16:19,733 - INFO -   Best:  Loss=2.6819, Top-1=55.99%
2025-11-02 07:16:19,733 - INFO - --------------------------------------------------------------------------------
2025-11-02 07:29:44,050 - INFO - Train Epoch 25: Loss=2.2654, Top-1 Acc=66.25%, Top-5 Acc=88.28%
2025-11-02 07:30:13,410 - INFO - Validation: Loss=2.8503, Top-1 Acc=52.60%, Top-5 Acc=78.23%
2025-11-02 07:30:14,486 - INFO - 💾 Saved checkpoint: checkpoints/checkpoint_latest.pth
2025-11-02 07:30:14,487 - INFO - Epoch 25/100 Summary:
2025-11-02 07:30:14,487 - INFO -   Train: Loss=2.2654, Top-1=66.25%, Top-5=88.28%
2025-11-02 07:30:14,487 - INFO -   Val:   Loss=2.8503, Top-1=52.60%, Top-5=78.23%
2025-11-02 07:30:14,487 - INFO -   Best:  Loss=2.6819, Top-1=55.99%
2025-11-02 07:30:14,487 - INFO - --------------------------------------------------------------------------------
2025-11-02 07:43:39,101 - INFO - Train Epoch 26: Loss=2.2607, Top-1 Acc=66.39%, Top-5 Acc=88.35%
2025-11-02 07:44:08,083 - INFO - Validation: Loss=2.9435, Top-1 Acc=51.07%, Top-5 Acc=76.10%
2025-11-02 07:44:09,008 - INFO - 💾 Saved checkpoint: checkpoints/checkpoint_latest.pth
2025-11-02 07:44:09,008 - INFO - Epoch 26/100 Summary:
2025-11-02 07:44:09,009 - INFO -   Train: Loss=2.2607, Top-1=66.39%, Top-5=88.35%
2025-11-02 07:44:09,009 - INFO -   Val:   Loss=2.9435, Top-1=51.07%, Top-5=76.10%
2025-11-02 07:44:09,009 - INFO -   Best:  Loss=2.6819, Top-1=55.99%
2025-11-02 07:44:09,009 - INFO - --------------------------------------------------------------------------------
2025-11-02 07:57:33,391 - INFO - Train Epoch 27: Loss=2.2578, Top-1 Acc=66.44%, Top-5 Acc=88.38%
2025-11-02 07:58:01,415 - INFO - Validation: Loss=2.6701, Top-1 Acc=56.54%, Top-5 Acc=81.46%
2025-11-02 07:58:03,396 - INFO - 🏆 Saved best model checkpoint: checkpoints/checkpoint_best.pth
2025-11-02 07:58:03,396 - INFO - 💾 Saved checkpoint: checkpoints/checkpoint_latest.pth
2025-11-02 07:58:03,397 - INFO - Epoch 27/100 Summary:
2025-11-02 07:58:03,397 - INFO -   Train: Loss=2.2578, Top-1=66.44%, Top-5=88.38%
2025-11-02 07:58:03,397 - INFO -   Val:   Loss=2.6701, Top-1=56.54%, Top-5=81.46%
2025-11-02 07:58:03,397 - INFO -   Best:  Loss=2.6701, Top-1=56.54%
2025-11-02 07:58:03,397 - INFO - --------------------------------------------------------------------------------
2025-11-02 08:11:30,961 - INFO - Train Epoch 28: Loss=2.2528, Top-1 Acc=66.54%, Top-5 Acc=88.45%
2025-11-02 08:11:59,459 - INFO - Validation: Loss=2.7392, Top-1 Acc=54.76%, Top-5 Acc=80.10%
2025-11-02 08:12:00,394 - INFO - 💾 Saved checkpoint: checkpoints/checkpoint_latest.pth
2025-11-02 08:12:00,394 - INFO - Epoch 28/100 Summary:
2025-11-02 08:12:00,394 - INFO -   Train: Loss=2.2528, Top-1=66.54%, Top-5=88.45%
2025-11-02 08:12:00,394 - INFO -   Val:   Loss=2.7392, Top-1=54.76%, Top-5=80.10%
2025-11-02 08:12:00,395 - INFO -   Best:  Loss=2.6701, Top-1=56.54%
2025-11-02 08:12:00,395 - INFO - --------------------------------------------------------------------------------
2025-11-02 08:25:24,586 - INFO - Train Epoch 29: Loss=2.2457, Top-1 Acc=66.74%, Top-5 Acc=88.53%
2025-11-02 08:25:53,110 - INFO - Validation: Loss=2.7846, Top-1 Acc=54.08%, Top-5 Acc=79.60%
2025-11-02 08:25:54,024 - INFO - 💾 Saved checkpoint: checkpoints/checkpoint_latest.pth
2025-11-02 08:25:54,025 - INFO - Epoch 29/100 Summary:
2025-11-02 08:25:54,025 - INFO -   Train: Loss=2.2457, Top-1=66.74%, Top-5=88.53%
2025-11-02 08:25:54,025 - INFO -   Val:   Loss=2.7846, Top-1=54.08%, Top-5=79.60%
2025-11-02 08:25:54,025 - INFO -   Best:  Loss=2.6701, Top-1=56.54%
2025-11-02 08:25:54,025 - INFO - --------------------------------------------------------------------------------
2025-11-02 08:39:18,470 - INFO - Train Epoch 30: Loss=2.2419, Top-1 Acc=66.84%, Top-5 Acc=88.64%
2025-11-02 08:39:48,277 - INFO - Validation: Loss=2.7911, Top-1 Acc=54.19%, Top-5 Acc=79.09%
2025-11-02 08:39:49,839 - INFO - 💾 Saved periodic checkpoint: checkpoints/checkpoint_epoch_30.pth
2025-11-02 08:39:49,839 - INFO - 💾 Saved checkpoint: checkpoints/checkpoint_latest.pth
2025-11-02 08:39:49,839 - INFO - Epoch 30/100 Summary:
2025-11-02 08:39:49,840 - INFO -   Train: Loss=2.2419, Top-1=66.84%, Top-5=88.64%
2025-11-02 08:39:49,840 - INFO -   Val:   Loss=2.7911, Top-1=54.19%, Top-5=79.09%
2025-11-02 08:39:49,840 - INFO -   Best:  Loss=2.6701, Top-1=56.54%
2025-11-02 08:39:49,840 - INFO - --------------------------------------------------------------------------------
2025-11-02 08:53:17,319 - INFO - Train Epoch 31: Loss=2.2356, Top-1 Acc=66.99%, Top-5 Acc=88.70%
2025-11-02 08:53:45,931 - INFO - Validation: Loss=2.8382, Top-1 Acc=52.89%, Top-5 Acc=78.18%
2025-11-02 08:53:46,833 - INFO - 💾 Saved checkpoint: checkpoints/checkpoint_latest.pth
2025-11-02 08:53:46,833 - INFO - Epoch 31/100 Summary:
2025-11-02 08:53:46,834 - INFO -   Train: Loss=2.2356, Top-1=66.99%, Top-5=88.70%
2025-11-02 08:53:46,834 - INFO -   Val:   Loss=2.8382, Top-1=52.89%, Top-5=78.18%
2025-11-02 08:53:46,834 - INFO -   Best:  Loss=2.6701, Top-1=56.54%
2025-11-02 08:53:46,834 - INFO - --------------------------------------------------------------------------------
2025-11-02 09:07:11,430 - INFO - Train Epoch 32: Loss=2.2310, Top-1 Acc=67.03%, Top-5 Acc=88.78%
2025-11-02 09:07:39,883 - INFO - Validation: Loss=2.8236, Top-1 Acc=53.60%, Top-5 Acc=78.53%
2025-11-02 09:07:40,807 - INFO - 💾 Saved checkpoint: checkpoints/checkpoint_latest.pth
2025-11-02 09:07:40,808 - INFO - Epoch 32/100 Summary:
2025-11-02 09:07:40,808 - INFO -   Train: Loss=2.2310, Top-1=67.03%, Top-5=88.78%
2025-11-02 09:07:40,808 - INFO -   Val:   Loss=2.8236, Top-1=53.60%, Top-5=78.53%
2025-11-02 09:07:40,808 - INFO -   Best:  Loss=2.6701, Top-1=56.54%
2025-11-02 09:07:40,808 - INFO - --------------------------------------------------------------------------------
2025-11-02 09:21:05,155 - INFO - Train Epoch 33: Loss=2.2254, Top-1 Acc=67.21%, Top-5 Acc=88.86%
2025-11-02 09:21:33,797 - INFO - Validation: Loss=2.8013, Top-1 Acc=53.96%, Top-5 Acc=79.19%
2025-11-02 09:21:34,708 - INFO - 💾 Saved checkpoint: checkpoints/checkpoint_latest.pth
2025-11-02 09:21:34,708 - INFO - Epoch 33/100 Summary:
2025-11-02 09:21:34,708 - INFO -   Train: Loss=2.2254, Top-1=67.21%, Top-5=88.86%
2025-11-02 09:21:34,709 - INFO -   Val:   Loss=2.8013, Top-1=53.96%, Top-5=79.19%
2025-11-02 09:21:34,709 - INFO -   Best:  Loss=2.6701, Top-1=56.54%
2025-11-02 09:21:34,709 - INFO - --------------------------------------------------------------------------------
2025-11-02 09:35:01,657 - INFO - Train Epoch 34: Loss=2.2206, Top-1 Acc=67.29%, Top-5 Acc=88.92%
2025-11-02 09:35:30,498 - INFO - Validation: Loss=2.8666, Top-1 Acc=52.80%, Top-5 Acc=77.78%
2025-11-02 09:35:31,395 - INFO - 💾 Saved checkpoint: checkpoints/checkpoint_latest.pth
2025-11-02 09:35:31,396 - INFO - Epoch 34/100 Summary:
2025-11-02 09:35:31,396 - INFO -   Train: Loss=2.2206, Top-1=67.29%, Top-5=88.92%
2025-11-02 09:35:31,396 - INFO -   Val:   Loss=2.8666, Top-1=52.80%, Top-5=77.78%
2025-11-02 09:35:31,397 - INFO -   Best:  Loss=2.6701, Top-1=56.54%
2025-11-02 09:35:31,397 - INFO - --------------------------------------------------------------------------------
2025-11-02 09:48:59,510 - INFO - Train Epoch 35: Loss=2.2144, Top-1 Acc=67.50%, Top-5 Acc=89.01%
2025-11-02 09:49:28,280 - INFO - Validation: Loss=2.7430, Top-1 Acc=55.10%, Top-5 Acc=80.06%
2025-11-02 09:49:29,196 - INFO - 💾 Saved checkpoint: checkpoints/checkpoint_latest.pth
2025-11-02 09:49:29,196 - INFO - Epoch 35/100 Summary:
2025-11-02 09:49:29,196 - INFO -   Train: Loss=2.2144, Top-1=67.50%, Top-5=89.01%
2025-11-02 09:49:29,196 - INFO -   Val:   Loss=2.7430, Top-1=55.10%, Top-5=80.06%
2025-11-02 09:49:29,197 - INFO -   Best:  Loss=2.6701, Top-1=56.54%
2025-11-02 09:49:29,197 - INFO - --------------------------------------------------------------------------------
2025-11-02 10:02:56,811 - INFO - Train Epoch 36: Loss=2.2114, Top-1 Acc=67.59%, Top-5 Acc=89.05%
2025-11-02 10:03:25,802 - INFO - Validation: Loss=2.7569, Top-1 Acc=55.15%, Top-5 Acc=80.08%
2025-11-02 10:03:26,727 - INFO - 💾 Saved checkpoint: checkpoints/checkpoint_latest.pth
2025-11-02 10:03:26,727 - INFO - Epoch 36/100 Summary:
2025-11-02 10:03:26,727 - INFO -   Train: Loss=2.2114, Top-1=67.59%, Top-5=89.05%
2025-11-02 10:03:26,728 - INFO -   Val:   Loss=2.7569, Top-1=55.15%, Top-5=80.08%
2025-11-02 10:03:26,728 - INFO -   Best:  Loss=2.6701, Top-1=56.54%
2025-11-02 10:03:26,728 - INFO - --------------------------------------------------------------------------------
2025-11-02 10:16:50,787 - INFO - Train Epoch 37: Loss=2.2060, Top-1 Acc=67.66%, Top-5 Acc=89.13%
2025-11-02 10:17:21,837 - INFO - Validation: Loss=2.6129, Top-1 Acc=58.10%, Top-5 Acc=82.31%
2025-11-02 10:17:24,064 - INFO - 🏆 Saved best model checkpoint: checkpoints/checkpoint_best.pth
2025-11-02 10:17:24,064 - INFO - 💾 Saved checkpoint: checkpoints/checkpoint_latest.pth
2025-11-02 10:17:24,064 - INFO - Epoch 37/100 Summary:
2025-11-02 10:17:24,065 - INFO -   Train: Loss=2.2060, Top-1=67.66%, Top-5=89.13%
2025-11-02 10:17:24,065 - INFO -   Val:   Loss=2.6129, Top-1=58.10%, Top-5=82.31%
2025-11-02 10:17:24,065 - INFO -   Best:  Loss=2.6129, Top-1=58.10%
2025-11-02 10:17:24,065 - INFO - --------------------------------------------------------------------------------
2025-11-02 10:30:48,460 - INFO - Train Epoch 38: Loss=2.2006, Top-1 Acc=67.80%, Top-5 Acc=89.19%
2025-11-02 10:31:17,779 - INFO - Validation: Loss=2.6283, Top-1 Acc=57.73%, Top-5 Acc=82.11%
2025-11-02 10:31:18,679 - INFO - 💾 Saved checkpoint: checkpoints/checkpoint_latest.pth
2025-11-02 10:31:18,680 - INFO - Epoch 38/100 Summary:
2025-11-02 10:31:18,680 - INFO -   Train: Loss=2.2006, Top-1=67.80%, Top-5=89.19%
2025-11-02 10:31:18,680 - INFO -   Val:   Loss=2.6283, Top-1=57.73%, Top-5=82.11%
2025-11-02 10:31:18,680 - INFO -   Best:  Loss=2.6129, Top-1=58.10%
2025-11-02 10:31:18,680 - INFO - --------------------------------------------------------------------------------
2025-11-02 10:44:43,440 - INFO - Train Epoch 39: Loss=2.1953, Top-1 Acc=67.92%, Top-5 Acc=89.29%
2025-11-02 10:45:11,768 - INFO - Validation: Loss=2.6514, Top-1 Acc=56.97%, Top-5 Acc=81.74%
2025-11-02 10:45:12,657 - INFO - 💾 Saved checkpoint: checkpoints/checkpoint_latest.pth
2025-11-02 10:45:12,658 - INFO - Epoch 39/100 Summary:
2025-11-02 10:45:12,658 - INFO -   Train: Loss=2.1953, Top-1=67.92%, Top-5=89.29%
2025-11-02 10:45:12,658 - INFO -   Val:   Loss=2.6514, Top-1=56.97%, Top-5=81.74%
2025-11-02 10:45:12,658 - INFO -   Best:  Loss=2.6129, Top-1=58.10%
2025-11-02 10:45:12,658 - INFO - --------------------------------------------------------------------------------
2025-11-02 10:58:36,800 - INFO - Train Epoch 40: Loss=2.1916, Top-1 Acc=68.02%, Top-5 Acc=89.33%
2025-11-02 10:59:05,798 - INFO - Validation: Loss=2.7785, Top-1 Acc=54.27%, Top-5 Acc=79.79%
2025-11-02 10:59:07,711 - INFO - 💾 Saved periodic checkpoint: checkpoints/checkpoint_epoch_40.pth
2025-11-02 10:59:07,712 - INFO - 💾 Saved checkpoint: checkpoints/checkpoint_latest.pth
2025-11-02 10:59:07,712 - INFO - Epoch 40/100 Summary:
2025-11-02 10:59:07,712 - INFO -   Train: Loss=2.1916, Top-1=68.02%, Top-5=89.33%
2025-11-02 10:59:07,712 - INFO -   Val:   Loss=2.7785, Top-1=54.27%, Top-5=79.79%
2025-11-02 10:59:07,713 - INFO -   Best:  Loss=2.6129, Top-1=58.10%
2025-11-02 10:59:07,713 - INFO - --------------------------------------------------------------------------------
2025-11-02 11:12:32,698 - INFO - Train Epoch 41: Loss=2.1862, Top-1 Acc=68.18%, Top-5 Acc=89.38%
2025-11-02 11:13:01,209 - INFO - Validation: Loss=2.6574, Top-1 Acc=56.59%, Top-5 Acc=81.76%
2025-11-02 11:13:02,431 - INFO - 💾 Saved checkpoint: checkpoints/checkpoint_latest.pth
2025-11-02 11:13:02,431 - INFO - Epoch 41/100 Summary:
2025-11-02 11:13:02,432 - INFO -   Train: Loss=2.1862, Top-1=68.18%, Top-5=89.38%
2025-11-02 11:13:02,432 - INFO -   Val:   Loss=2.6574, Top-1=56.59%, Top-5=81.76%
2025-11-02 11:13:02,432 - INFO -   Best:  Loss=2.6129, Top-1=58.10%
2025-11-02 11:13:02,432 - INFO - --------------------------------------------------------------------------------
2025-11-02 11:26:26,655 - INFO - Train Epoch 42: Loss=2.1807, Top-1 Acc=68.35%, Top-5 Acc=89.49%
2025-11-02 11:26:55,379 - INFO - Validation: Loss=2.6405, Top-1 Acc=57.28%, Top-5 Acc=81.76%
2025-11-02 11:26:56,297 - INFO - 💾 Saved checkpoint: checkpoints/checkpoint_latest.pth
2025-11-02 11:26:56,297 - INFO - Epoch 42/100 Summary:
2025-11-02 11:26:56,297 - INFO -   Train: Loss=2.1807, Top-1=68.35%, Top-5=89.49%
2025-11-02 11:26:56,297 - INFO -   Val:   Loss=2.6405, Top-1=57.28%, Top-5=81.76%
2025-11-02 11:26:56,298 - INFO -   Best:  Loss=2.6129, Top-1=58.10%
2025-11-02 11:26:56,298 - INFO - --------------------------------------------------------------------------------
2025-11-02 11:40:20,735 - INFO - Train Epoch 43: Loss=2.1767, Top-1 Acc=68.41%, Top-5 Acc=89.57%
2025-11-02 11:40:50,380 - INFO - Validation: Loss=2.8279, Top-1 Acc=53.62%, Top-5 Acc=78.21%
2025-11-02 11:40:51,297 - INFO - 💾 Saved checkpoint: checkpoints/checkpoint_latest.pth
2025-11-02 11:40:51,297 - INFO - Epoch 43/100 Summary:
2025-11-02 11:40:51,297 - INFO -   Train: Loss=2.1767, Top-1=68.41%, Top-5=89.57%
2025-11-02 11:40:51,298 - INFO -   Val:   Loss=2.8279, Top-1=53.62%, Top-5=78.21%
2025-11-02 11:40:51,298 - INFO -   Best:  Loss=2.6129, Top-1=58.10%
2025-11-02 11:40:51,298 - INFO - --------------------------------------------------------------------------------
2025-11-02 11:54:15,652 - INFO - Train Epoch 44: Loss=2.1715, Top-1 Acc=68.57%, Top-5 Acc=89.64%
2025-11-02 11:54:44,326 - INFO - Validation: Loss=2.6117, Top-1 Acc=57.88%, Top-5 Acc=82.44%
2025-11-02 11:54:46,149 - INFO - 🏆 Saved best model checkpoint: checkpoints/checkpoint_best.pth
2025-11-02 11:54:46,149 - INFO - 💾 Saved checkpoint: checkpoints/checkpoint_latest.pth
2025-11-02 11:54:46,149 - INFO - Epoch 44/100 Summary:
2025-11-02 11:54:46,150 - INFO -   Train: Loss=2.1715, Top-1=68.57%, Top-5=89.64%
2025-11-02 11:54:46,150 - INFO -   Val:   Loss=2.6117, Top-1=57.88%, Top-5=82.44%
2025-11-02 11:54:46,150 - INFO -   Best:  Loss=2.6117, Top-1=57.88%
2025-11-02 11:54:46,150 - INFO - --------------------------------------------------------------------------------
2025-11-02 12:08:13,416 - INFO - Train Epoch 45: Loss=2.1656, Top-1 Acc=68.70%, Top-5 Acc=89.74%
2025-11-02 12:08:42,051 - INFO - Validation: Loss=2.6021, Top-1 Acc=58.51%, Top-5 Acc=82.40%
2025-11-02 12:08:43,898 - INFO - 🏆 Saved best model checkpoint: checkpoints/checkpoint_best.pth
2025-11-02 12:08:43,899 - INFO - 💾 Saved checkpoint: checkpoints/checkpoint_latest.pth
2025-11-02 12:08:43,899 - INFO - Epoch 45/100 Summary:
2025-11-02 12:08:43,899 - INFO -   Train: Loss=2.1656, Top-1=68.70%, Top-5=89.74%
2025-11-02 12:08:43,899 - INFO -   Val:   Loss=2.6021, Top-1=58.51%, Top-5=82.40%
2025-11-02 12:08:43,899 - INFO -   Best:  Loss=2.6021, Top-1=58.51%
2025-11-02 12:08:43,899 - INFO - --------------------------------------------------------------------------------
2025-11-02 12:22:11,508 - INFO - Train Epoch 46: Loss=2.1634, Top-1 Acc=68.73%, Top-5 Acc=89.73%
2025-11-02 12:22:40,290 - INFO - Validation: Loss=2.6480, Top-1 Acc=57.19%, Top-5 Acc=81.95%
2025-11-02 12:22:41,418 - INFO - 💾 Saved checkpoint: checkpoints/checkpoint_latest.pth
2025-11-02 12:22:41,418 - INFO - Epoch 46/100 Summary:
2025-11-02 12:22:41,418 - INFO -   Train: Loss=2.1634, Top-1=68.73%, Top-5=89.73%
2025-11-02 12:22:41,419 - INFO -   Val:   Loss=2.6480, Top-1=57.19%, Top-5=81.95%
2025-11-02 12:22:41,419 - INFO -   Best:  Loss=2.6021, Top-1=58.51%
2025-11-02 12:22:41,419 - INFO - --------------------------------------------------------------------------------
2025-11-02 12:36:06,140 - INFO - Train Epoch 47: Loss=2.1567, Top-1 Acc=68.95%, Top-5 Acc=89.88%
2025-11-02 12:36:34,573 - INFO - Validation: Loss=2.7119, Top-1 Acc=55.61%, Top-5 Acc=80.74%
2025-11-02 12:36:35,487 - INFO - 💾 Saved checkpoint: checkpoints/checkpoint_latest.pth
2025-11-02 12:36:35,487 - INFO - Epoch 47/100 Summary:
2025-11-02 12:36:35,488 - INFO -   Train: Loss=2.1567, Top-1=68.95%, Top-5=89.88%
2025-11-02 12:36:35,488 - INFO -   Val:   Loss=2.7119, Top-1=55.61%, Top-5=80.74%
2025-11-02 12:36:35,488 - INFO -   Best:  Loss=2.6021, Top-1=58.51%
2025-11-02 12:36:35,488 - INFO - --------------------------------------------------------------------------------
2025-11-02 12:50:00,331 - INFO - Train Epoch 48: Loss=2.1514, Top-1 Acc=69.06%, Top-5 Acc=89.91%
2025-11-02 12:50:29,507 - INFO - Validation: Loss=2.5815, Top-1 Acc=58.88%, Top-5 Acc=82.89%
2025-11-02 12:50:31,308 - INFO - 🏆 Saved best model checkpoint: checkpoints/checkpoint_best.pth
2025-11-02 12:50:31,309 - INFO - 💾 Saved checkpoint: checkpoints/checkpoint_latest.pth
2025-11-02 12:50:31,309 - INFO - Epoch 48/100 Summary:
2025-11-02 12:50:31,309 - INFO -   Train: Loss=2.1514, Top-1=69.06%, Top-5=89.91%
2025-11-02 12:50:31,310 - INFO -   Val:   Loss=2.5815, Top-1=58.88%, Top-5=82.89%
2025-11-02 12:50:31,310 - INFO -   Best:  Loss=2.5815, Top-1=58.88%
2025-11-02 12:50:31,310 - INFO - --------------------------------------------------------------------------------
2025-11-02 13:03:55,791 - INFO - Train Epoch 49: Loss=2.1465, Top-1 Acc=69.17%, Top-5 Acc=89.99%
2025-11-02 13:04:25,450 - INFO - Validation: Loss=2.5871, Top-1 Acc=58.61%, Top-5 Acc=82.72%
2025-11-02 13:04:26,533 - INFO - 💾 Saved checkpoint: checkpoints/checkpoint_latest.pth
2025-11-02 13:04:26,533 - INFO - Epoch 49/100 Summary:
2025-11-02 13:04:26,534 - INFO -   Train: Loss=2.1465, Top-1=69.17%, Top-5=89.99%
2025-11-02 13:04:26,534 - INFO -   Val:   Loss=2.5871, Top-1=58.61%, Top-5=82.72%
2025-11-02 13:04:26,534 - INFO -   Best:  Loss=2.5815, Top-1=58.88%
2025-11-02 13:04:26,534 - INFO - --------------------------------------------------------------------------------
2025-11-02 13:17:53,217 - INFO - Train Epoch 50: Loss=2.1421, Top-1 Acc=69.30%, Top-5 Acc=90.09%
2025-11-02 13:18:22,872 - INFO - Validation: Loss=2.7180, Top-1 Acc=55.90%, Top-5 Acc=80.45%
2025-11-02 13:18:24,599 - INFO - 💾 Saved periodic checkpoint: checkpoints/checkpoint_epoch_50.pth
2025-11-02 13:18:24,599 - INFO - 💾 Saved checkpoint: checkpoints/checkpoint_latest.pth
2025-11-02 13:18:24,599 - INFO - Epoch 50/100 Summary:
2025-11-02 13:18:24,599 - INFO -   Train: Loss=2.1421, Top-1=69.30%, Top-5=90.09%
2025-11-02 13:18:24,600 - INFO -   Val:   Loss=2.7180, Top-1=55.90%, Top-5=80.45%
2025-11-02 13:18:24,600 - INFO -   Best:  Loss=2.5815, Top-1=58.88%
2025-11-02 13:18:24,600 - INFO - --------------------------------------------------------------------------------
2025-11-02 13:31:48,370 - INFO - Train Epoch 51: Loss=2.1356, Top-1 Acc=69.49%, Top-5 Acc=90.15%
2025-11-02 13:32:17,026 - INFO - Validation: Loss=2.6041, Top-1 Acc=58.35%, Top-5 Acc=82.42%
2025-11-02 13:32:17,939 - INFO - 💾 Saved checkpoint: checkpoints/checkpoint_latest.pth
2025-11-02 13:32:17,940 - INFO - Epoch 51/100 Summary:
2025-11-02 13:32:17,940 - INFO -   Train: Loss=2.1356, Top-1=69.49%, Top-5=90.15%
2025-11-02 13:32:17,940 - INFO -   Val:   Loss=2.6041, Top-1=58.35%, Top-5=82.42%
2025-11-02 13:32:17,940 - INFO -   Best:  Loss=2.5815, Top-1=58.88%
2025-11-02 13:32:17,940 - INFO - --------------------------------------------------------------------------------
2025-11-02 13:45:42,478 - INFO - Train Epoch 52: Loss=2.1294, Top-1 Acc=69.55%, Top-5 Acc=90.27%
2025-11-02 13:46:11,904 - INFO - Validation: Loss=2.5678, Top-1 Acc=58.79%, Top-5 Acc=82.97%
2025-11-02 13:46:13,734 - INFO - 🏆 Saved best model checkpoint: checkpoints/checkpoint_best.pth
2025-11-02 13:46:13,734 - INFO - 💾 Saved checkpoint: checkpoints/checkpoint_latest.pth
2025-11-02 13:46:13,735 - INFO - Epoch 52/100 Summary:
2025-11-02 13:46:13,735 - INFO -   Train: Loss=2.1294, Top-1=69.55%, Top-5=90.27%
2025-11-02 13:46:13,735 - INFO -   Val:   Loss=2.5678, Top-1=58.79%, Top-5=82.97%
2025-11-02 13:46:13,735 - INFO -   Best:  Loss=2.5678, Top-1=58.79%
2025-11-02 13:46:13,735 - INFO - --------------------------------------------------------------------------------
2025-11-02 13:59:41,362 - INFO - Train Epoch 53: Loss=2.1242, Top-1 Acc=69.74%, Top-5 Acc=90.34%
2025-11-02 14:00:10,670 - INFO - Validation: Loss=2.5603, Top-1 Acc=59.35%, Top-5 Acc=83.17%
2025-11-02 14:00:12,704 - INFO - 🏆 Saved best model checkpoint: checkpoints/checkpoint_best.pth
2025-11-02 14:00:12,704 - INFO - 💾 Saved checkpoint: checkpoints/checkpoint_latest.pth
2025-11-02 14:00:12,705 - INFO - Epoch 53/100 Summary:
2025-11-02 14:00:12,705 - INFO -   Train: Loss=2.1242, Top-1=69.74%, Top-5=90.34%
2025-11-02 14:00:12,705 - INFO -   Val:   Loss=2.5603, Top-1=59.35%, Top-5=83.17%
2025-11-02 14:00:12,705 - INFO -   Best:  Loss=2.5603, Top-1=59.35%
2025-11-02 14:00:12,705 - INFO - --------------------------------------------------------------------------------
2025-11-02 14:13:37,465 - INFO - Train Epoch 54: Loss=2.1194, Top-1 Acc=69.90%, Top-5 Acc=90.40%
2025-11-02 14:14:05,655 - INFO - Validation: Loss=2.5635, Top-1 Acc=59.24%, Top-5 Acc=83.01%
2025-11-02 14:14:06,530 - INFO - 💾 Saved checkpoint: checkpoints/checkpoint_latest.pth
2025-11-02 14:14:06,530 - INFO - Epoch 54/100 Summary:
2025-11-02 14:14:06,530 - INFO -   Train: Loss=2.1194, Top-1=69.90%, Top-5=90.40%
2025-11-02 14:14:06,531 - INFO -   Val:   Loss=2.5635, Top-1=59.24%, Top-5=83.01%
2025-11-02 14:14:06,531 - INFO -   Best:  Loss=2.5603, Top-1=59.35%
2025-11-02 14:14:06,531 - INFO - --------------------------------------------------------------------------------
2025-11-02 14:27:33,736 - INFO - Train Epoch 55: Loss=2.1135, Top-1 Acc=70.02%, Top-5 Acc=90.51%
2025-11-02 14:28:02,560 - INFO - Validation: Loss=2.4871, Top-1 Acc=61.15%, Top-5 Acc=84.31%
2025-11-02 14:28:04,341 - INFO - 🏆 Saved best model checkpoint: checkpoints/checkpoint_best.pth
2025-11-02 14:28:04,342 - INFO - 💾 Saved checkpoint: checkpoints/checkpoint_latest.pth
2025-11-02 14:28:04,342 - INFO - Epoch 55/100 Summary:
2025-11-02 14:28:04,342 - INFO -   Train: Loss=2.1135, Top-1=70.02%, Top-5=90.51%
2025-11-02 14:28:04,342 - INFO -   Val:   Loss=2.4871, Top-1=61.15%, Top-5=84.31%
2025-11-02 14:28:04,342 - INFO -   Best:  Loss=2.4871, Top-1=61.15%
2025-11-02 14:28:04,343 - INFO - --------------------------------------------------------------------------------
2025-11-02 14:41:31,365 - INFO - Train Epoch 56: Loss=2.1044, Top-1 Acc=70.27%, Top-5 Acc=90.60%
2025-11-02 14:42:00,993 - INFO - Validation: Loss=2.5642, Top-1 Acc=59.19%, Top-5 Acc=83.05%
2025-11-02 14:42:01,904 - INFO - 💾 Saved checkpoint: checkpoints/checkpoint_latest.pth
2025-11-02 14:42:01,905 - INFO - Epoch 56/100 Summary:
2025-11-02 14:42:01,905 - INFO -   Train: Loss=2.1044, Top-1=70.27%, Top-5=90.60%
2025-11-02 14:42:01,905 - INFO -   Val:   Loss=2.5642, Top-1=59.19%, Top-5=83.05%
2025-11-02 14:42:01,905 - INFO -   Best:  Loss=2.4871, Top-1=61.15%
2025-11-02 14:42:01,905 - INFO - --------------------------------------------------------------------------------
2025-11-02 14:55:25,904 - INFO - Train Epoch 57: Loss=2.0999, Top-1 Acc=70.38%, Top-5 Acc=90.69%
2025-11-02 14:55:54,610 - INFO - Validation: Loss=2.6417, Top-1 Acc=57.54%, Top-5 Acc=81.75%
2025-11-02 14:55:55,521 - INFO - 💾 Saved checkpoint: checkpoints/checkpoint_latest.pth
2025-11-02 14:55:55,522 - INFO - Epoch 57/100 Summary:
2025-11-02 14:55:55,522 - INFO -   Train: Loss=2.0999, Top-1=70.38%, Top-5=90.69%
2025-11-02 14:55:55,522 - INFO -   Val:   Loss=2.6417, Top-1=57.54%, Top-5=81.75%
2025-11-02 14:55:55,522 - INFO -   Best:  Loss=2.4871, Top-1=61.15%
2025-11-02 14:55:55,523 - INFO - --------------------------------------------------------------------------------
2025-11-02 15:09:20,419 - INFO - Train Epoch 58: Loss=2.0915, Top-1 Acc=70.50%, Top-5 Acc=90.81%
2025-11-02 15:09:48,816 - INFO - Validation: Loss=2.6426, Top-1 Acc=57.46%, Top-5 Acc=81.72%
2025-11-02 15:09:49,727 - INFO - 💾 Saved checkpoint: checkpoints/checkpoint_latest.pth
2025-11-02 15:09:49,727 - INFO - Epoch 58/100 Summary:
2025-11-02 15:09:49,728 - INFO -   Train: Loss=2.0915, Top-1=70.50%, Top-5=90.81%
2025-11-02 15:09:49,728 - INFO -   Val:   Loss=2.6426, Top-1=57.46%, Top-5=81.72%
2025-11-02 15:09:49,728 - INFO -   Best:  Loss=2.4871, Top-1=61.15%
2025-11-02 15:09:49,728 - INFO - --------------------------------------------------------------------------------
2025-11-02 15:23:14,295 - INFO - Train Epoch 59: Loss=2.0845, Top-1 Acc=70.75%, Top-5 Acc=90.90%
2025-11-02 15:23:44,350 - INFO - Validation: Loss=2.6577, Top-1 Acc=57.81%, Top-5 Acc=81.52%
2025-11-02 15:23:45,260 - INFO - 💾 Saved checkpoint: checkpoints/checkpoint_latest.pth
2025-11-02 15:23:45,261 - INFO - Epoch 59/100 Summary:
2025-11-02 15:23:45,261 - INFO -   Train: Loss=2.0845, Top-1=70.75%, Top-5=90.90%
2025-11-02 15:23:45,261 - INFO -   Val:   Loss=2.6577, Top-1=57.81%, Top-5=81.52%
2025-11-02 15:23:45,261 - INFO -   Best:  Loss=2.4871, Top-1=61.15%
2025-11-02 15:23:45,261 - INFO - --------------------------------------------------------------------------------
2025-11-02 15:37:09,733 - INFO - Train Epoch 60: Loss=2.0781, Top-1 Acc=70.93%, Top-5 Acc=91.01%
2025-11-02 15:37:38,464 - INFO - Validation: Loss=2.4874, Top-1 Acc=60.85%, Top-5 Acc=84.34%
2025-11-02 15:37:39,986 - INFO - 💾 Saved periodic checkpoint: checkpoints/checkpoint_epoch_60.pth
2025-11-02 15:37:39,986 - INFO - 💾 Saved checkpoint: checkpoints/checkpoint_latest.pth
2025-11-02 15:37:39,987 - INFO - Epoch 60/100 Summary:
2025-11-02 15:37:39,987 - INFO -   Train: Loss=2.0781, Top-1=70.93%, Top-5=91.01%
2025-11-02 15:37:39,987 - INFO -   Val:   Loss=2.4874, Top-1=60.85%, Top-5=84.34%
2025-11-02 15:37:39,987 - INFO -   Best:  Loss=2.4871, Top-1=61.15%
2025-11-02 15:37:39,987 - INFO - --------------------------------------------------------------------------------
2025-11-02 15:51:04,586 - INFO - Train Epoch 61: Loss=2.0709, Top-1 Acc=71.10%, Top-5 Acc=91.05%
2025-11-02 15:51:34,518 - INFO - Validation: Loss=2.5152, Top-1 Acc=60.44%, Top-5 Acc=83.83%
2025-11-02 15:51:35,430 - INFO - 💾 Saved checkpoint: checkpoints/checkpoint_latest.pth
2025-11-02 15:51:35,430 - INFO - Epoch 61/100 Summary:
2025-11-02 15:51:35,431 - INFO -   Train: Loss=2.0709, Top-1=71.10%, Top-5=91.05%
2025-11-02 15:51:35,431 - INFO -   Val:   Loss=2.5152, Top-1=60.44%, Top-5=83.83%
2025-11-02 15:51:35,431 - INFO -   Best:  Loss=2.4871, Top-1=61.15%
2025-11-02 15:51:35,431 - INFO - --------------------------------------------------------------------------------
2025-11-02 16:05:00,531 - INFO - Train Epoch 62: Loss=2.0626, Top-1 Acc=71.35%, Top-5 Acc=91.23%
2025-11-02 16:05:30,302 - INFO - Validation: Loss=2.5296, Top-1 Acc=60.49%, Top-5 Acc=83.65%
2025-11-02 16:05:31,221 - INFO - 💾 Saved checkpoint: checkpoints/checkpoint_latest.pth
2025-11-02 16:05:31,222 - INFO - Epoch 62/100 Summary:
2025-11-02 16:05:31,222 - INFO -   Train: Loss=2.0626, Top-1=71.35%, Top-5=91.23%
2025-11-02 16:05:31,222 - INFO -   Val:   Loss=2.5296, Top-1=60.49%, Top-5=83.65%
2025-11-02 16:05:31,222 - INFO -   Best:  Loss=2.4871, Top-1=61.15%
2025-11-02 16:05:31,222 - INFO - --------------------------------------------------------------------------------
2025-11-02 16:18:56,006 - INFO - Train Epoch 63: Loss=2.0526, Top-1 Acc=71.57%, Top-5 Acc=91.37%
2025-11-02 16:19:25,421 - INFO - Validation: Loss=2.4621, Top-1 Acc=61.86%, Top-5 Acc=84.64%
2025-11-02 16:19:27,159 - INFO - 🏆 Saved best model checkpoint: checkpoints/checkpoint_best.pth
2025-11-02 16:19:27,159 - INFO - 💾 Saved checkpoint: checkpoints/checkpoint_latest.pth
2025-11-02 16:19:27,160 - INFO - Epoch 63/100 Summary:
2025-11-02 16:19:27,160 - INFO -   Train: Loss=2.0526, Top-1=71.57%, Top-5=91.37%
2025-11-02 16:19:27,160 - INFO -   Val:   Loss=2.4621, Top-1=61.86%, Top-5=84.64%
2025-11-02 16:19:27,160 - INFO -   Best:  Loss=2.4621, Top-1=61.86%
2025-11-02 16:19:27,160 - INFO - --------------------------------------------------------------------------------
2025-11-02 16:32:52,179 - INFO - Train Epoch 64: Loss=2.0443, Top-1 Acc=71.75%, Top-5 Acc=91.46%
2025-11-02 16:33:21,678 - INFO - Validation: Loss=2.5223, Top-1 Acc=60.16%, Top-5 Acc=84.05%
2025-11-02 16:33:22,589 - INFO - 💾 Saved checkpoint: checkpoints/checkpoint_latest.pth
2025-11-02 16:33:22,590 - INFO - Epoch 64/100 Summary:
2025-11-02 16:33:22,590 - INFO -   Train: Loss=2.0443, Top-1=71.75%, Top-5=91.46%
2025-11-02 16:33:22,590 - INFO -   Val:   Loss=2.5223, Top-1=60.16%, Top-5=84.05%
2025-11-02 16:33:22,590 - INFO -   Best:  Loss=2.4621, Top-1=61.86%
2025-11-02 16:33:22,590 - INFO - --------------------------------------------------------------------------------
2025-11-02 16:46:47,357 - INFO - Train Epoch 65: Loss=2.0352, Top-1 Acc=72.04%, Top-5 Acc=91.60%
2025-11-02 16:47:16,228 - INFO - Validation: Loss=2.4647, Top-1 Acc=61.77%, Top-5 Acc=84.65%
2025-11-02 16:47:17,150 - INFO - 💾 Saved checkpoint: checkpoints/checkpoint_latest.pth
2025-11-02 16:47:17,151 - INFO - Epoch 65/100 Summary:
2025-11-02 16:47:17,151 - INFO -   Train: Loss=2.0352, Top-1=72.04%, Top-5=91.60%
2025-11-02 16:47:17,151 - INFO -   Val:   Loss=2.4647, Top-1=61.77%, Top-5=84.65%
2025-11-02 16:47:17,151 - INFO -   Best:  Loss=2.4621, Top-1=61.86%
2025-11-02 16:47:17,151 - INFO - --------------------------------------------------------------------------------
2025-11-02 17:00:41,760 - INFO - Train Epoch 66: Loss=2.0236, Top-1 Acc=72.27%, Top-5 Acc=91.78%
2025-11-02 17:01:10,898 - INFO - Validation: Loss=2.5277, Top-1 Acc=60.15%, Top-5 Acc=83.62%
2025-11-02 17:01:11,827 - INFO - 💾 Saved checkpoint: checkpoints/checkpoint_latest.pth
2025-11-02 17:01:11,828 - INFO - Epoch 66/100 Summary:
2025-11-02 17:01:11,828 - INFO -   Train: Loss=2.0236, Top-1=72.27%, Top-5=91.78%
2025-11-02 17:01:11,828 - INFO -   Val:   Loss=2.5277, Top-1=60.15%, Top-5=83.62%
2025-11-02 17:01:11,828 - INFO -   Best:  Loss=2.4621, Top-1=61.86%
2025-11-02 17:01:11,828 - INFO - --------------------------------------------------------------------------------
2025-11-02 17:14:39,386 - INFO - Train Epoch 67: Loss=2.0145, Top-1 Acc=72.54%, Top-5 Acc=91.89%
2025-11-02 17:15:07,937 - INFO - Validation: Loss=2.4992, Top-1 Acc=60.78%, Top-5 Acc=84.15%
2025-11-02 17:15:08,868 - INFO - 💾 Saved checkpoint: checkpoints/checkpoint_latest.pth
2025-11-02 17:15:08,868 - INFO - Epoch 67/100 Summary:
2025-11-02 17:15:08,869 - INFO -   Train: Loss=2.0145, Top-1=72.54%, Top-5=91.89%
2025-11-02 17:15:08,869 - INFO -   Val:   Loss=2.4992, Top-1=60.78%, Top-5=84.15%
2025-11-02 17:15:08,869 - INFO -   Best:  Loss=2.4621, Top-1=61.86%
2025-11-02 17:15:08,869 - INFO - --------------------------------------------------------------------------------
2025-11-02 17:28:36,241 - INFO - Train Epoch 68: Loss=2.0046, Top-1 Acc=72.80%, Top-5 Acc=92.04%
2025-11-02 17:29:04,840 - INFO - Validation: Loss=2.3987, Top-1 Acc=63.36%, Top-5 Acc=85.87%
2025-11-02 17:29:06,647 - INFO - 🏆 Saved best model checkpoint: checkpoints/checkpoint_best.pth
2025-11-02 17:29:06,647 - INFO - 💾 Saved checkpoint: checkpoints/checkpoint_latest.pth
2025-11-02 17:29:06,648 - INFO - Epoch 68/100 Summary:
2025-11-02 17:29:06,648 - INFO -   Train: Loss=2.0046, Top-1=72.80%, Top-5=92.04%
2025-11-02 17:29:06,648 - INFO -   Val:   Loss=2.3987, Top-1=63.36%, Top-5=85.87%
2025-11-02 17:29:06,648 - INFO -   Best:  Loss=2.3987, Top-1=63.36%
2025-11-02 17:29:06,648 - INFO - --------------------------------------------------------------------------------
2025-11-02 17:42:34,864 - INFO - Train Epoch 69: Loss=1.9921, Top-1 Acc=73.10%, Top-5 Acc=92.22%
2025-11-02 17:43:03,612 - INFO - Validation: Loss=2.4958, Top-1 Acc=60.84%, Top-5 Acc=84.21%
2025-11-02 17:43:04,533 - INFO - 💾 Saved checkpoint: checkpoints/checkpoint_latest.pth
2025-11-02 17:43:04,534 - INFO - Epoch 69/100 Summary:
2025-11-02 17:43:04,534 - INFO -   Train: Loss=1.9921, Top-1=73.10%, Top-5=92.22%
2025-11-02 17:43:04,534 - INFO -   Val:   Loss=2.4958, Top-1=60.84%, Top-5=84.21%
2025-11-02 17:43:04,534 - INFO -   Best:  Loss=2.3987, Top-1=63.36%
2025-11-02 17:43:04,534 - INFO - --------------------------------------------------------------------------------
2025-11-02 17:56:31,794 - INFO - Train Epoch 70: Loss=1.9798, Top-1 Acc=73.46%, Top-5 Acc=92.37%
2025-11-02 17:57:00,982 - INFO - Validation: Loss=2.5342, Top-1 Acc=60.27%, Top-5 Acc=83.49%
2025-11-02 17:57:02,561 - INFO - 💾 Saved periodic checkpoint: checkpoints/checkpoint_epoch_70.pth
2025-11-02 17:57:02,562 - INFO - 💾 Saved checkpoint: checkpoints/checkpoint_latest.pth
2025-11-02 17:57:02,562 - INFO - Epoch 70/100 Summary:
2025-11-02 17:57:02,562 - INFO -   Train: Loss=1.9798, Top-1=73.46%, Top-5=92.37%
2025-11-02 17:57:02,562 - INFO -   Val:   Loss=2.5342, Top-1=60.27%, Top-5=83.49%
2025-11-02 17:57:02,562 - INFO -   Best:  Loss=2.3987, Top-1=63.36%
2025-11-02 17:57:02,563 - INFO - --------------------------------------------------------------------------------
2025-11-02 18:10:30,060 - INFO - Train Epoch 71: Loss=1.9665, Top-1 Acc=73.74%, Top-5 Acc=92.58%
2025-11-02 18:11:00,657 - INFO - Validation: Loss=2.3943, Top-1 Acc=63.32%, Top-5 Acc=85.67%
2025-11-02 18:11:02,530 - INFO - 🏆 Saved best model checkpoint: checkpoints/checkpoint_best.pth
2025-11-02 18:11:02,530 - INFO - 💾 Saved checkpoint: checkpoints/checkpoint_latest.pth
2025-11-02 18:11:02,531 - INFO - Epoch 71/100 Summary:
2025-11-02 18:11:02,531 - INFO -   Train: Loss=1.9665, Top-1=73.74%, Top-5=92.58%
2025-11-02 18:11:02,531 - INFO -   Val:   Loss=2.3943, Top-1=63.32%, Top-5=85.67%
2025-11-02 18:11:02,531 - INFO -   Best:  Loss=2.3943, Top-1=63.32%
2025-11-02 18:11:02,531 - INFO - --------------------------------------------------------------------------------
2025-11-02 18:24:27,358 - INFO - Train Epoch 72: Loss=1.9548, Top-1 Acc=74.07%, Top-5 Acc=92.73%
2025-11-02 18:24:56,535 - INFO - Validation: Loss=2.3776, Top-1 Acc=63.85%, Top-5 Acc=86.06%
2025-11-02 18:24:58,350 - INFO - 🏆 Saved best model checkpoint: checkpoints/checkpoint_best.pth
2025-11-02 18:24:58,350 - INFO - 💾 Saved checkpoint: checkpoints/checkpoint_latest.pth
2025-11-02 18:24:58,351 - INFO - Epoch 72/100 Summary:
2025-11-02 18:24:58,351 - INFO -   Train: Loss=1.9548, Top-1=74.07%, Top-5=92.73%
2025-11-02 18:24:58,351 - INFO -   Val:   Loss=2.3776, Top-1=63.85%, Top-5=86.06%
2025-11-02 18:24:58,351 - INFO -   Best:  Loss=2.3776, Top-1=63.85%
2025-11-02 18:24:58,352 - INFO - --------------------------------------------------------------------------------
2025-11-02 18:38:25,591 - INFO - Train Epoch 73: Loss=1.9378, Top-1 Acc=74.54%, Top-5 Acc=92.95%
2025-11-02 18:38:54,352 - INFO - Validation: Loss=2.3960, Top-1 Acc=63.20%, Top-5 Acc=85.57%
2025-11-02 18:38:55,260 - INFO - 💾 Saved checkpoint: checkpoints/checkpoint_latest.pth
2025-11-02 18:38:55,261 - INFO - Epoch 73/100 Summary:
2025-11-02 18:38:55,261 - INFO -   Train: Loss=1.9378, Top-1=74.54%, Top-5=92.95%
2025-11-02 18:38:55,261 - INFO -   Val:   Loss=2.3960, Top-1=63.20%, Top-5=85.57%
2025-11-02 18:38:55,261 - INFO -   Best:  Loss=2.3776, Top-1=63.85%
2025-11-02 18:38:55,261 - INFO - --------------------------------------------------------------------------------
2025-11-02 18:52:19,106 - INFO - Train Epoch 74: Loss=1.9238, Top-1 Acc=74.90%, Top-5 Acc=93.13%
2025-11-02 18:52:48,043 - INFO - Validation: Loss=2.3377, Top-1 Acc=64.60%, Top-5 Acc=86.78%
2025-11-02 18:52:50,038 - INFO - 🏆 Saved best model checkpoint: checkpoints/checkpoint_best.pth
2025-11-02 18:52:50,039 - INFO - 💾 Saved checkpoint: checkpoints/checkpoint_latest.pth
2025-11-02 18:52:50,039 - INFO - Epoch 74/100 Summary:
2025-11-02 18:52:50,039 - INFO -   Train: Loss=1.9238, Top-1=74.90%, Top-5=93.13%
2025-11-02 18:52:50,039 - INFO -   Val:   Loss=2.3377, Top-1=64.60%, Top-5=86.78%
2025-11-02 18:52:50,039 - INFO -   Best:  Loss=2.3377, Top-1=64.60%
2025-11-02 18:52:50,039 - INFO - --------------------------------------------------------------------------------
2025-11-02 19:06:14,148 - INFO - Train Epoch 75: Loss=1.9075, Top-1 Acc=75.33%, Top-5 Acc=93.36%
2025-11-02 19:06:43,323 - INFO - Validation: Loss=2.4013, Top-1 Acc=63.08%, Top-5 Acc=85.63%
2025-11-02 19:06:44,249 - INFO - 💾 Saved checkpoint: checkpoints/checkpoint_latest.pth
2025-11-02 19:06:44,250 - INFO - Epoch 75/100 Summary:
2025-11-02 19:06:44,250 - INFO -   Train: Loss=1.9075, Top-1=75.33%, Top-5=93.36%
2025-11-02 19:06:44,250 - INFO -   Val:   Loss=2.4013, Top-1=63.08%, Top-5=85.63%
2025-11-02 19:06:44,250 - INFO -   Best:  Loss=2.3377, Top-1=64.60%
2025-11-02 19:06:44,250 - INFO - --------------------------------------------------------------------------------
2025-11-02 19:20:08,060 - INFO - Train Epoch 76: Loss=1.8885, Top-1 Acc=75.82%, Top-5 Acc=93.61%
2025-11-02 19:20:36,684 - INFO - Validation: Loss=2.2981, Top-1 Acc=65.83%, Top-5 Acc=87.27%
2025-11-02 19:20:38,501 - INFO - 🏆 Saved best model checkpoint: checkpoints/checkpoint_best.pth
2025-11-02 19:20:38,501 - INFO - 💾 Saved checkpoint: checkpoints/checkpoint_latest.pth
2025-11-02 19:20:38,501 - INFO - Epoch 76/100 Summary:
2025-11-02 19:20:38,502 - INFO -   Train: Loss=1.8885, Top-1=75.82%, Top-5=93.61%
2025-11-02 19:20:38,502 - INFO -   Val:   Loss=2.2981, Top-1=65.83%, Top-5=87.27%
2025-11-02 19:20:38,502 - INFO -   Best:  Loss=2.2981, Top-1=65.83%
2025-11-02 19:20:38,502 - INFO - --------------------------------------------------------------------------------
2025-11-02 19:34:03,779 - INFO - Train Epoch 77: Loss=1.8701, Top-1 Acc=76.28%, Top-5 Acc=93.85%
2025-11-02 19:34:32,312 - INFO - Validation: Loss=2.3008, Top-1 Acc=65.69%, Top-5 Acc=87.40%
2025-11-02 19:34:33,231 - INFO - 💾 Saved checkpoint: checkpoints/checkpoint_latest.pth
2025-11-02 19:34:33,232 - INFO - Epoch 77/100 Summary:
2025-11-02 19:34:33,232 - INFO -   Train: Loss=1.8701, Top-1=76.28%, Top-5=93.85%
2025-11-02 19:34:33,232 - INFO -   Val:   Loss=2.3008, Top-1=65.69%, Top-5=87.40%
2025-11-02 19:34:33,232 - INFO -   Best:  Loss=2.2981, Top-1=65.83%
2025-11-02 19:34:33,232 - INFO - --------------------------------------------------------------------------------
2025-11-02 19:48:00,662 - INFO - Train Epoch 78: Loss=1.8509, Top-1 Acc=76.82%, Top-5 Acc=94.09%
2025-11-02 19:48:29,680 - INFO - Validation: Loss=2.2857, Top-1 Acc=65.82%, Top-5 Acc=87.58%
2025-11-02 19:48:31,696 - INFO - 🏆 Saved best model checkpoint: checkpoints/checkpoint_best.pth
2025-11-02 19:48:31,697 - INFO - 💾 Saved checkpoint: checkpoints/checkpoint_latest.pth
2025-11-02 19:48:31,697 - INFO - Epoch 78/100 Summary:
2025-11-02 19:48:31,697 - INFO -   Train: Loss=1.8509, Top-1=76.82%, Top-5=94.09%
2025-11-02 19:48:31,698 - INFO -   Val:   Loss=2.2857, Top-1=65.82%, Top-5=87.58%
2025-11-02 19:48:31,698 - INFO -   Best:  Loss=2.2857, Top-1=65.82%
2025-11-02 19:48:31,698 - INFO - --------------------------------------------------------------------------------
2025-11-02 20:01:56,828 - INFO - Train Epoch 79: Loss=1.8284, Top-1 Acc=77.39%, Top-5 Acc=94.38%
2025-11-02 20:02:26,046 - INFO - Validation: Loss=2.2616, Top-1 Acc=66.50%, Top-5 Acc=87.79%
2025-11-02 20:02:27,892 - INFO - 🏆 Saved best model checkpoint: checkpoints/checkpoint_best.pth
2025-11-02 20:02:27,892 - INFO - 💾 Saved checkpoint: checkpoints/checkpoint_latest.pth
2025-11-02 20:02:27,893 - INFO - Epoch 79/100 Summary:
2025-11-02 20:02:27,893 - INFO -   Train: Loss=1.8284, Top-1=77.39%, Top-5=94.38%
2025-11-02 20:02:27,893 - INFO -   Val:   Loss=2.2616, Top-1=66.50%, Top-5=87.79%
2025-11-02 20:02:27,893 - INFO -   Best:  Loss=2.2616, Top-1=66.50%
2025-11-02 20:02:27,893 - INFO - --------------------------------------------------------------------------------
2025-11-02 20:15:52,997 - INFO - Train Epoch 80: Loss=1.8049, Top-1 Acc=78.01%, Top-5 Acc=94.71%
2025-11-02 20:16:22,463 - INFO - Validation: Loss=2.2295, Top-1 Acc=67.41%, Top-5 Acc=88.36%
2025-11-02 20:16:24,049 - INFO - 💾 Saved periodic checkpoint: checkpoints/checkpoint_epoch_80.pth
2025-11-02 20:16:24,961 - INFO - 🏆 Saved best model checkpoint: checkpoints/checkpoint_best.pth
2025-11-02 20:16:24,961 - INFO - 💾 Saved checkpoint: checkpoints/checkpoint_latest.pth
2025-11-02 20:16:24,961 - INFO - Epoch 80/100 Summary:
2025-11-02 20:16:24,961 - INFO -   Train: Loss=1.8049, Top-1=78.01%, Top-5=94.71%
2025-11-02 20:16:24,962 - INFO -   Val:   Loss=2.2295, Top-1=67.41%, Top-5=88.36%
2025-11-02 20:16:24,962 - INFO -   Best:  Loss=2.2295, Top-1=67.41%
2025-11-02 20:16:24,962 - INFO - --------------------------------------------------------------------------------
2025-11-02 20:29:52,807 - INFO - Train Epoch 81: Loss=1.7795, Top-1 Acc=78.70%, Top-5 Acc=95.00%
2025-11-02 20:30:21,674 - INFO - Validation: Loss=2.2470, Top-1 Acc=66.84%, Top-5 Acc=88.04%
2025-11-02 20:30:22,577 - INFO - 💾 Saved checkpoint: checkpoints/checkpoint_latest.pth
2025-11-02 20:30:22,578 - INFO - Epoch 81/100 Summary:
2025-11-02 20:30:22,578 - INFO -   Train: Loss=1.7795, Top-1=78.70%, Top-5=95.00%
2025-11-02 20:30:22,578 - INFO -   Val:   Loss=2.2470, Top-1=66.84%, Top-5=88.04%
2025-11-02 20:30:22,579 - INFO -   Best:  Loss=2.2295, Top-1=67.41%
2025-11-02 20:30:22,579 - INFO - --------------------------------------------------------------------------------
2025-11-02 20:43:50,597 - INFO - Train Epoch 82: Loss=1.7545, Top-1 Acc=79.38%, Top-5 Acc=95.31%
2025-11-02 20:44:19,518 - INFO - Validation: Loss=2.2182, Top-1 Acc=67.63%, Top-5 Acc=88.37%
2025-11-02 20:44:21,335 - INFO - 🏆 Saved best model checkpoint: checkpoints/checkpoint_best.pth
2025-11-02 20:44:21,335 - INFO - 💾 Saved checkpoint: checkpoints/checkpoint_latest.pth
2025-11-02 20:44:21,336 - INFO - Epoch 82/100 Summary:
2025-11-02 20:44:21,336 - INFO -   Train: Loss=1.7545, Top-1=79.38%, Top-5=95.31%
2025-11-02 20:44:21,336 - INFO -   Val:   Loss=2.2182, Top-1=67.63%, Top-5=88.37%
2025-11-02 20:44:21,336 - INFO -   Best:  Loss=2.2182, Top-1=67.63%
2025-11-02 20:44:21,336 - INFO - --------------------------------------------------------------------------------
2025-11-02 20:57:45,803 - INFO - Train Epoch 83: Loss=1.7268, Top-1 Acc=80.15%, Top-5 Acc=95.62%
2025-11-02 20:58:15,704 - INFO - Validation: Loss=2.1962, Top-1 Acc=68.36%, Top-5 Acc=88.66%
2025-11-02 20:58:17,708 - INFO - 🏆 Saved best model checkpoint: checkpoints/checkpoint_best.pth
2025-11-02 20:58:17,708 - INFO - 💾 Saved checkpoint: checkpoints/checkpoint_latest.pth
2025-11-02 20:58:17,709 - INFO - Epoch 83/100 Summary:
2025-11-02 20:58:17,709 - INFO -   Train: Loss=1.7268, Top-1=80.15%, Top-5=95.62%
2025-11-02 20:58:17,709 - INFO -   Val:   Loss=2.1962, Top-1=68.36%, Top-5=88.66%
2025-11-02 20:58:17,709 - INFO -   Best:  Loss=2.1962, Top-1=68.36%
2025-11-02 20:58:17,709 - INFO - --------------------------------------------------------------------------------
2025-11-02 21:11:42,317 - INFO - Train Epoch 84: Loss=1.6934, Top-1 Acc=81.13%, Top-5 Acc=96.03%
2025-11-02 21:12:12,021 - INFO - Validation: Loss=2.1743, Top-1 Acc=68.80%, Top-5 Acc=89.02%
2025-11-02 21:12:16,737 - INFO - 🏆 Saved best model checkpoint: checkpoints/checkpoint_best.pth
2025-11-02 21:12:16,737 - INFO - 💾 Saved checkpoint: checkpoints/checkpoint_latest.pth
2025-11-02 21:12:16,738 - INFO - Epoch 84/100 Summary:
2025-11-02 21:12:16,738 - INFO -   Train: Loss=1.6934, Top-1=81.13%, Top-5=96.03%
2025-11-02 21:12:16,738 - INFO -   Val:   Loss=2.1743, Top-1=68.80%, Top-5=89.02%
2025-11-02 21:12:16,738 - INFO -   Best:  Loss=2.1743, Top-1=68.80%
2025-11-02 21:12:16,738 - INFO - --------------------------------------------------------------------------------
2025-11-02 21:25:45,017 - INFO - Train Epoch 85: Loss=1.6619, Top-1 Acc=82.03%, Top-5 Acc=96.39%
2025-11-02 21:26:14,224 - INFO - Validation: Loss=2.1905, Top-1 Acc=68.35%, Top-5 Acc=88.78%
2025-11-02 21:26:15,140 - INFO - 💾 Saved checkpoint: checkpoints/checkpoint_latest.pth
2025-11-02 21:26:15,141 - INFO - Epoch 85/100 Summary:
2025-11-02 21:26:15,141 - INFO -   Train: Loss=1.6619, Top-1=82.03%, Top-5=96.39%
2025-11-02 21:26:15,141 - INFO -   Val:   Loss=2.1905, Top-1=68.35%, Top-5=88.78%
2025-11-02 21:26:15,141 - INFO -   Best:  Loss=2.1743, Top-1=68.80%
2025-11-02 21:26:15,142 - INFO - --------------------------------------------------------------------------------
2025-11-02 21:39:42,092 - INFO - Train Epoch 86: Loss=1.6259, Top-1 Acc=83.02%, Top-5 Acc=96.78%
2025-11-02 21:40:10,397 - INFO - Validation: Loss=2.1210, Top-1 Acc=70.34%, Top-5 Acc=89.94%
2025-11-02 21:40:12,219 - INFO - 🏆 Saved best model checkpoint: checkpoints/checkpoint_best.pth
2025-11-02 21:40:12,219 - INFO - 💾 Saved checkpoint: checkpoints/checkpoint_latest.pth
2025-11-02 21:40:12,220 - INFO - Epoch 86/100 Summary:
2025-11-02 21:40:12,220 - INFO -   Train: Loss=1.6259, Top-1=83.02%, Top-5=96.78%
2025-11-02 21:40:12,220 - INFO -   Val:   Loss=2.1210, Top-1=70.34%, Top-5=89.94%
2025-11-02 21:40:12,220 - INFO -   Best:  Loss=2.1210, Top-1=70.34%
2025-11-02 21:40:12,220 - INFO - --------------------------------------------------------------------------------
2025-11-02 21:53:40,299 - INFO - Train Epoch 87: Loss=1.5893, Top-1 Acc=84.14%, Top-5 Acc=97.15%
2025-11-02 21:54:09,591 - INFO - Validation: Loss=2.1269, Top-1 Acc=70.25%, Top-5 Acc=90.16%
2025-11-02 21:54:10,505 - INFO - 💾 Saved checkpoint: checkpoints/checkpoint_latest.pth
2025-11-02 21:54:10,505 - INFO - Epoch 87/100 Summary:
2025-11-02 21:54:10,506 - INFO -   Train: Loss=1.5893, Top-1=84.14%, Top-5=97.15%
2025-11-02 21:54:10,506 - INFO -   Val:   Loss=2.1269, Top-1=70.25%, Top-5=90.16%
2025-11-02 21:54:10,506 - INFO -   Best:  Loss=2.1210, Top-1=70.34%
2025-11-02 21:54:10,506 - INFO - --------------------------------------------------------------------------------
2025-11-02 22:07:34,994 - INFO - Train Epoch 88: Loss=1.5494, Top-1 Acc=85.28%, Top-5 Acc=97.54%
2025-11-02 22:08:03,990 - INFO - Validation: Loss=2.0756, Top-1 Acc=71.44%, Top-5 Acc=90.52%
2025-11-02 22:08:05,843 - INFO - 🏆 Saved best model checkpoint: checkpoints/checkpoint_best.pth
2025-11-02 22:08:05,844 - INFO - 💾 Saved checkpoint: checkpoints/checkpoint_latest.pth
2025-11-02 22:08:05,844 - INFO - Epoch 88/100 Summary:
2025-11-02 22:08:05,845 - INFO -   Train: Loss=1.5494, Top-1=85.28%, Top-5=97.54%
2025-11-02 22:08:05,845 - INFO -   Val:   Loss=2.0756, Top-1=71.44%, Top-5=90.52%
2025-11-02 22:08:05,845 - INFO -   Best:  Loss=2.0756, Top-1=71.44%
2025-11-02 22:08:05,845 - INFO - --------------------------------------------------------------------------------
2025-11-02 22:21:30,281 - INFO - Train Epoch 89: Loss=1.5067, Top-1 Acc=86.61%, Top-5 Acc=97.94%
2025-11-02 22:21:59,939 - INFO - Validation: Loss=2.0631, Top-1 Acc=71.81%, Top-5 Acc=90.65%
2025-11-02 22:22:01,784 - INFO - 🏆 Saved best model checkpoint: checkpoints/checkpoint_best.pth
2025-11-02 22:22:01,785 - INFO - 💾 Saved checkpoint: checkpoints/checkpoint_latest.pth
2025-11-02 22:22:01,785 - INFO - Epoch 89/100 Summary:
2025-11-02 22:22:01,785 - INFO -   Train: Loss=1.5067, Top-1=86.61%, Top-5=97.94%
2025-11-02 22:22:01,786 - INFO -   Val:   Loss=2.0631, Top-1=71.81%, Top-5=90.65%
2025-11-02 22:22:01,786 - INFO -   Best:  Loss=2.0631, Top-1=71.81%
2025-11-02 22:22:01,786 - INFO - --------------------------------------------------------------------------------
2025-11-02 22:35:29,601 - INFO - Train Epoch 90: Loss=1.4637, Top-1 Acc=87.93%, Top-5 Acc=98.30%
2025-11-02 22:35:59,271 - INFO - Validation: Loss=2.0356, Top-1 Acc=72.60%, Top-5 Acc=91.08%
2025-11-02 22:36:00,778 - INFO - 💾 Saved periodic checkpoint: checkpoints/checkpoint_epoch_90.pth
2025-11-02 22:36:01,624 - INFO - 🏆 Saved best model checkpoint: checkpoints/checkpoint_best.pth
2025-11-02 22:36:01,624 - INFO - 💾 Saved checkpoint: checkpoints/checkpoint_latest.pth
2025-11-02 22:36:01,624 - INFO - Epoch 90/100 Summary:
2025-11-02 22:36:01,625 - INFO -   Train: Loss=1.4637, Top-1=87.93%, Top-5=98.30%
2025-11-02 22:36:01,625 - INFO -   Val:   Loss=2.0356, Top-1=72.60%, Top-5=91.08%
2025-11-02 22:36:01,625 - INFO -   Best:  Loss=2.0356, Top-1=72.60%
2025-11-02 22:36:01,625 - INFO - --------------------------------------------------------------------------------
2025-11-02 22:49:25,602 - INFO - Train Epoch 91: Loss=1.4195, Top-1 Acc=89.34%, Top-5 Acc=98.64%
2025-11-02 22:49:55,863 - INFO - Validation: Loss=2.0280, Top-1 Acc=72.87%, Top-5 Acc=91.29%
2025-11-02 22:49:57,668 - INFO - 🏆 Saved best model checkpoint: checkpoints/checkpoint_best.pth
2025-11-02 22:49:57,669 - INFO - 💾 Saved checkpoint: checkpoints/checkpoint_latest.pth
2025-11-02 22:49:57,669 - INFO - Epoch 91/100 Summary:
2025-11-02 22:49:57,669 - INFO -   Train: Loss=1.4195, Top-1=89.34%, Top-5=98.64%
2025-11-02 22:49:57,669 - INFO -   Val:   Loss=2.0280, Top-1=72.87%, Top-5=91.29%
2025-11-02 22:49:57,670 - INFO -   Best:  Loss=2.0280, Top-1=72.87%
2025-11-02 22:49:57,670 - INFO - --------------------------------------------------------------------------------
2025-11-02 23:03:22,115 - INFO - Train Epoch 92: Loss=1.3763, Top-1 Acc=90.75%, Top-5 Acc=98.94%
2025-11-02 23:03:51,665 - INFO - Validation: Loss=2.0240, Top-1 Acc=72.89%, Top-5 Acc=91.37%
2025-11-02 23:03:53,514 - INFO - 🏆 Saved best model checkpoint: checkpoints/checkpoint_best.pth
2025-11-02 23:03:53,514 - INFO - 💾 Saved checkpoint: checkpoints/checkpoint_latest.pth
2025-11-02 23:03:53,514 - INFO - Epoch 92/100 Summary:
2025-11-02 23:03:53,515 - INFO -   Train: Loss=1.3763, Top-1=90.75%, Top-5=98.94%
2025-11-02 23:03:53,515 - INFO -   Val:   Loss=2.0240, Top-1=72.89%, Top-5=91.37%
2025-11-02 23:03:53,515 - INFO -   Best:  Loss=2.0240, Top-1=72.89%
2025-11-02 23:03:53,515 - INFO - --------------------------------------------------------------------------------
2025-11-02 23:17:18,634 - INFO - Train Epoch 93: Loss=1.3362, Top-1 Acc=92.12%, Top-5 Acc=99.18%
2025-11-02 23:17:48,241 - INFO - Validation: Loss=2.0117, Top-1 Acc=73.48%, Top-5 Acc=91.55%
2025-11-02 23:17:50,027 - INFO - 🏆 Saved best model checkpoint: checkpoints/checkpoint_best.pth
2025-11-02 23:17:50,027 - INFO - 💾 Saved checkpoint: checkpoints/checkpoint_latest.pth
2025-11-02 23:17:50,027 - INFO - Epoch 93/100 Summary:
2025-11-02 23:17:50,028 - INFO -   Train: Loss=1.3362, Top-1=92.12%, Top-5=99.18%
2025-11-02 23:17:50,028 - INFO -   Val:   Loss=2.0117, Top-1=73.48%, Top-5=91.55%
2025-11-02 23:17:50,028 - INFO -   Best:  Loss=2.0117, Top-1=73.48%
2025-11-02 23:17:50,028 - INFO - --------------------------------------------------------------------------------
2025-11-02 23:31:15,123 - INFO - Train Epoch 94: Loss=1.3008, Top-1 Acc=93.26%, Top-5 Acc=99.37%
2025-11-02 23:31:45,011 - INFO - Validation: Loss=2.0034, Top-1 Acc=73.87%, Top-5 Acc=91.63%
2025-11-02 23:31:46,844 - INFO - 🏆 Saved best model checkpoint: checkpoints/checkpoint_best.pth
2025-11-02 23:31:46,844 - INFO - 💾 Saved checkpoint: checkpoints/checkpoint_latest.pth
2025-11-02 23:31:46,845 - INFO - Epoch 94/100 Summary:
2025-11-02 23:31:46,845 - INFO -   Train: Loss=1.3008, Top-1=93.26%, Top-5=99.37%
2025-11-02 23:31:46,845 - INFO -   Val:   Loss=2.0034, Top-1=73.87%, Top-5=91.63%
2025-11-02 23:31:46,845 - INFO -   Best:  Loss=2.0034, Top-1=73.87%
2025-11-02 23:31:46,846 - INFO - --------------------------------------------------------------------------------
2025-11-02 23:45:14,584 - INFO - Train Epoch 95: Loss=1.2702, Top-1 Acc=94.29%, Top-5 Acc=99.50%
2025-11-02 23:45:43,600 - INFO - Validation: Loss=2.0023, Top-1 Acc=73.79%, Top-5 Acc=91.79%
2025-11-02 23:45:45,403 - INFO - 🏆 Saved best model checkpoint: checkpoints/checkpoint_best.pth
2025-11-02 23:45:45,404 - INFO - 💾 Saved checkpoint: checkpoints/checkpoint_latest.pth
2025-11-02 23:45:45,404 - INFO - Epoch 95/100 Summary:
2025-11-02 23:45:45,404 - INFO -   Train: Loss=1.2702, Top-1=94.29%, Top-5=99.50%
2025-11-02 23:45:45,405 - INFO -   Val:   Loss=2.0023, Top-1=73.79%, Top-5=91.79%
2025-11-02 23:45:45,405 - INFO -   Best:  Loss=2.0023, Top-1=73.79%
2025-11-02 23:45:45,405 - INFO - --------------------------------------------------------------------------------
2025-11-02 23:59:13,264 - INFO - Train Epoch 96: Loss=1.2475, Top-1 Acc=95.07%, Top-5 Acc=99.60%
2025-11-02 23:59:42,512 - INFO - Validation: Loss=2.0004, Top-1 Acc=74.15%, Top-5 Acc=91.78%
2025-11-02 23:59:44,361 - INFO - 🏆 Saved best model checkpoint: checkpoints/checkpoint_best.pth
2025-11-02 23:59:44,361 - INFO - 💾 Saved checkpoint: checkpoints/checkpoint_latest.pth
2025-11-02 23:59:44,362 - INFO - Epoch 96/100 Summary:
2025-11-02 23:59:44,362 - INFO -   Train: Loss=1.2475, Top-1=95.07%, Top-5=99.60%
2025-11-02 23:59:44,362 - INFO -   Val:   Loss=2.0004, Top-1=74.15%, Top-5=91.78%
2025-11-02 23:59:44,362 - INFO -   Best:  Loss=2.0004, Top-1=74.15%
2025-11-02 23:59:44,362 - INFO - --------------------------------------------------------------------------------
2025-11-03 00:13:08,851 - INFO - Train Epoch 97: Loss=1.2301, Top-1 Acc=95.65%, Top-5 Acc=99.65%
2025-11-03 00:13:39,365 - INFO - Validation: Loss=2.0014, Top-1 Acc=74.24%, Top-5 Acc=91.76%
2025-11-03 00:13:40,296 - INFO - 💾 Saved checkpoint: checkpoints/checkpoint_latest.pth
2025-11-03 00:13:40,297 - INFO - Epoch 97/100 Summary:
2025-11-03 00:13:40,297 - INFO -   Train: Loss=1.2301, Top-1=95.65%, Top-5=99.65%
2025-11-03 00:13:40,297 - INFO -   Val:   Loss=2.0014, Top-1=74.24%, Top-5=91.76%
2025-11-03 00:13:40,297 - INFO -   Best:  Loss=2.0004, Top-1=74.15%
2025-11-03 00:13:40,297 - INFO - --------------------------------------------------------------------------------
2025-11-03 00:27:05,156 - INFO - Train Epoch 98: Loss=1.2181, Top-1 Acc=96.06%, Top-5 Acc=99.70%
2025-11-03 00:27:34,741 - INFO - Validation: Loss=2.0028, Top-1 Acc=74.18%, Top-5 Acc=91.76%
2025-11-03 00:27:35,669 - INFO - 💾 Saved checkpoint: checkpoints/checkpoint_latest.pth
2025-11-03 00:27:35,670 - INFO - Epoch 98/100 Summary:
2025-11-03 00:27:35,670 - INFO -   Train: Loss=1.2181, Top-1=96.06%, Top-5=99.70%
2025-11-03 00:27:35,670 - INFO -   Val:   Loss=2.0028, Top-1=74.18%, Top-5=91.76%
2025-11-03 00:27:35,670 - INFO -   Best:  Loss=2.0004, Top-1=74.15%
2025-11-03 00:27:35,671 - INFO - --------------------------------------------------------------------------------
2025-11-03 00:41:00,625 - INFO - Train Epoch 99: Loss=1.2118, Top-1 Acc=96.26%, Top-5 Acc=99.71%
2025-11-03 00:41:30,255 - INFO - Validation: Loss=2.0034, Top-1 Acc=74.25%, Top-5 Acc=91.80%
2025-11-03 00:41:31,186 - INFO - 💾 Saved checkpoint: checkpoints/checkpoint_latest.pth
2025-11-03 00:41:31,186 - INFO - Epoch 99/100 Summary:
2025-11-03 00:41:31,187 - INFO -   Train: Loss=1.2118, Top-1=96.26%, Top-5=99.71%
2025-11-03 00:41:31,187 - INFO -   Val:   Loss=2.0034, Top-1=74.25%, Top-5=91.80%
2025-11-03 00:41:31,187 - INFO -   Best:  Loss=2.0004, Top-1=74.15%
2025-11-03 00:41:31,187 - INFO - --------------------------------------------------------------------------------
2025-11-03 00:54:59,095 - INFO - Train Epoch 100: Loss=1.2086, Top-1 Acc=96.38%, Top-5 Acc=99.72%
2025-11-03 00:55:28,207 - INFO - Validation: Loss=2.0031, Top-1 Acc=74.29%, Top-5 Acc=91.73%
2025-11-03 00:55:29,935 - INFO - 💾 Saved periodic checkpoint: checkpoints/checkpoint_epoch_100.pth
2025-11-03 00:55:29,935 - INFO - 💾 Saved checkpoint: checkpoints/checkpoint_latest.pth
2025-11-03 00:55:29,935 - INFO - Epoch 100/100 Summary:
2025-11-03 00:55:29,935 - INFO -   Train: Loss=1.2086, Top-1=96.38%, Top-5=99.72%
2025-11-03 00:55:29,935 - INFO -   Val:   Loss=2.0031, Top-1=74.29%, Top-5=91.73%
2025-11-03 00:55:29,936 - INFO -   Best:  Loss=2.0004, Top-1=74.15%
2025-11-03 00:55:29,936 - INFO - --------------------------------------------------------------------------------
2025-11-03 00:55:29,936 - INFO - ✅ Training completed!
2025-11-03 00:55:29,936 - INFO - Best validation loss: 2.0004
2025-11-03 00:55:29,936 - INFO - Best validation accuracy: 74.15%
