2025-11-02 01:26:25,832 - INFO - ================================================================================
2025-11-02 01:26:25,833 - INFO - ImageNet Training on EC2 - Multi-GPU Setup
2025-11-02 01:26:25,833 - INFO - ================================================================================
2025-11-02 01:26:25,833 - INFO - Device: cuda:0
2025-11-02 01:26:25,833 - INFO - Distributed: False, Rank: 0, World Size: 1
2025-11-02 01:26:25,851 - INFO - CUDA Available: True, GPU Count: 1
2025-11-02 01:26:26,748 - INFO - ✅ ImageNet dataset found at //lambda/nfs/ERAv4S09/ERAv4S9/data/imagenet1k
   Train classes: 1000
   Validation classes: 1000
   Expected: 1000 classes each
2025-11-02 01:26:26,748 - INFO - Dataset: Imagenet1K
2025-11-02 01:26:26,748 - INFO - Batch size: 512
2025-11-02 01:26:26,748 - INFO - Epochs: 100
2025-11-02 01:26:26,748 - INFO - Learning rate: 0.08
2025-11-02 01:26:26,748 - INFO - 📂 Loading Imagenet1K dataset from: //lambda/nfs/ERAv4S09/ERAv4S9/data...
2025-11-02 01:27:05,372 - INFO - 📊 Computing dataset mean/std statistics...
2025-11-02 01:27:25,529 - INFO - 
💡 Suggested normalization values:
2025-11-02 01:27:25,529 - INFO -    mean = [0.47981539368629456, 0.45489224791526794, 0.4050229787826538]
2025-11-02 01:27:25,530 - INFO -    std = [0.22922536730766296, 0.22570055723190308, 0.22617478668689728]
2025-11-02 01:27:25,530 - INFO - 
   Update config.py AUGMENTATION section with these values
2025-11-02 01:27:25,537 - INFO -    Saved to: ./checkpoints/dataset_stats.json
2025-11-02 01:27:25,537 - INFO - Training samples: 1159338
2025-11-02 01:27:25,537 - INFO - Validation samples: 50000
2025-11-02 01:27:25,537 - INFO - Batches per epoch: 2265
2025-11-02 01:27:25,538 - INFO - 🤖 Creating ResNet50 model...
2025-11-02 01:27:25,851 - INFO - 📦 Loading tiny_imagenet weights from: ./tiny_imagenet_stage_2/final_model.pth
2025-11-02 01:27:25,999 - INFO -    Current model (ImageNet): 1000 classes
2025-11-02 01:27:25,999 - INFO -    Pretrained model (Tiny ImageNet): 200 classes
2025-11-02 01:27:25,999 - INFO -    ⚠️  Final layer size mismatch! Filtering out fc layer
2025-11-02 01:27:26,008 - INFO -    ⚠️  Missing keys (expected for FC layer): 2
2025-11-02 01:27:26,008 - INFO - ✅ Successfully loaded tiny_imagenet weights
2025-11-02 01:27:26,009 - INFO - 🔍 Running Learning Rate Finder...
2025-11-02 01:27:37,508 - ERROR - ❌ LR Finder failed: CUDA out of memory. Tried to allocate 392.00 MiB. GPU 0 has a total capacity of 39.49 GiB of which 367.56 MiB is free. Including non-PyTorch memory, this process has 39.12 GiB memory in use. Of the allocated memory 38.57 GiB is allocated by PyTorch, and 62.68 MiB is reserved by PyTorch but unallocated. If reserved but unallocated memory is large try setting PYTORCH_CUDA_ALLOC_CONF=expandable_segments:True to avoid fragmentation.  See documentation for Memory Management  (https://pytorch.org/docs/stable/notes/cuda.html#environment-variables)
2025-11-02 01:27:37,893 - ERROR - Traceback (most recent call last):
  File "/lambda/nfs/ERAv4S09/ERAv4S9/train_imagenet_ec2.py", line 602, in main
    optimal_lr = find_optimal_lr(
                 ^^^^^^^^^^^^^^^^
  File "/lambda/nfs/ERAv4S09/ERAv4S9/lr_finder.py", line 55, in find_optimal_lr
    lr_finder.range_test(
  File "/home/ubuntu/.local/lib/python3.12/site-packages/torch_lr_finder/lr_finder.py", line 345, in range_test
    loss = self._train_batch(
           ^^^^^^^^^^^^^^^^^^
  File "/home/ubuntu/.local/lib/python3.12/site-packages/torch_lr_finder/lr_finder.py", line 410, in _train_batch
    outputs = self.model(inputs)
              ^^^^^^^^^^^^^^^^^^
  File "/home/ubuntu/.local/lib/python3.12/site-packages/torch/nn/modules/module.py", line 1775, in _wrapped_call_impl
    return self._call_impl(*args, **kwargs)
           ^^^^^^^^^^^^^^^^^^^^^^^^^^^^^^^^
  File "/home/ubuntu/.local/lib/python3.12/site-packages/torch/nn/modules/module.py", line 1786, in _call_impl
    return forward_call(*args, **kwargs)
           ^^^^^^^^^^^^^^^^^^^^^^^^^^^^^
  File "/lambda/nfs/ERAv4S09/ERAv4S9/models.py", line 114, in forward
    x = self.layer3(x)
        ^^^^^^^^^^^^^^
  File "/home/ubuntu/.local/lib/python3.12/site-packages/torch/nn/modules/module.py", line 1775, in _wrapped_call_impl
    return self._call_impl(*args, **kwargs)
           ^^^^^^^^^^^^^^^^^^^^^^^^^^^^^^^^
  File "/home/ubuntu/.local/lib/python3.12/site-packages/torch/nn/modules/module.py", line 1786, in _call_impl
    return forward_call(*args, **kwargs)
           ^^^^^^^^^^^^^^^^^^^^^^^^^^^^^
  File "/home/ubuntu/.local/lib/python3.12/site-packages/torch/nn/modules/container.py", line 250, in forward
    input = module(input)
            ^^^^^^^^^^^^^
  File "/home/ubuntu/.local/lib/python3.12/site-packages/torch/nn/modules/module.py", line 1775, in _wrapped_call_impl
    return self._call_impl(*args, **kwargs)
           ^^^^^^^^^^^^^^^^^^^^^^^^^^^^^^^^
  File "/home/ubuntu/.local/lib/python3.12/site-packages/torch/nn/modules/module.py", line 1786, in _call_impl
    return forward_call(*args, **kwargs)
           ^^^^^^^^^^^^^^^^^^^^^^^^^^^^^
  File "/lambda/nfs/ERAv4S09/ERAv4S9/models.py", line 44, in forward
    out = self.bn3(out)
          ^^^^^^^^^^^^^
  File "/home/ubuntu/.local/lib/python3.12/site-packages/torch/nn/modules/module.py", line 1775, in _wrapped_call_impl
    return self._call_impl(*args, **kwargs)
           ^^^^^^^^^^^^^^^^^^^^^^^^^^^^^^^^
  File "/home/ubuntu/.local/lib/python3.12/site-packages/torch/nn/modules/module.py", line 1786, in _call_impl
    return forward_call(*args, **kwargs)
           ^^^^^^^^^^^^^^^^^^^^^^^^^^^^^
  File "/home/ubuntu/.local/lib/python3.12/site-packages/torch/nn/modules/batchnorm.py", line 193, in forward
    return F.batch_norm(
           ^^^^^^^^^^^^^
  File "/home/ubuntu/.local/lib/python3.12/site-packages/torch/nn/functional.py", line 2813, in batch_norm
    return torch.batch_norm(
           ^^^^^^^^^^^^^^^^^
torch.OutOfMemoryError: CUDA out of memory. Tried to allocate 392.00 MiB. GPU 0 has a total capacity of 39.49 GiB of which 367.56 MiB is free. Including non-PyTorch memory, this process has 39.12 GiB memory in use. Of the allocated memory 38.57 GiB is allocated by PyTorch, and 62.68 MiB is reserved by PyTorch but unallocated. If reserved but unallocated memory is large try setting PYTORCH_CUDA_ALLOC_CONF=expandable_segments:True to avoid fragmentation.  See documentation for Memory Management  (https://pytorch.org/docs/stable/notes/cuda.html#environment-variables)

2025-11-02 01:27:37,895 - INFO -    Continuing with default/configured LR...
2025-11-02 01:27:38,275 - INFO - 🚀 Starting training...
2025-11-02 01:27:38,275 - INFO -    Start epoch: 0, Total epochs: 100
